SF:/home/openai/strict-rs/strict-rowan/src/api.rs
FN:313,_RINvMs4_NtCs60bCMtosx4P_5rowan3apiINtB6_10SyntaxNodepE15splice_childrenpEB8_
FN:171,_RINvMs4_NtCs60bCMtosx4P_5rowan3apiINtB6_10SyntaxNodepE19first_child_by_kindpEB8_
FN:201,_RINvMs4_NtCs60bCMtosx4P_5rowan3apiINtB6_10SyntaxNodepE20next_sibling_by_kindpEB8_
FN:186,_RINvMs4_NtCs60bCMtosx4P_5rowan3apiINtB6_10SyntaxNodepE28first_child_or_token_by_kindpEB8_
FN:216,_RINvMs4_NtCs60bCMtosx4P_5rowan3apiINtB6_10SyntaxNodepE29next_sibling_or_token_by_kindpEB8_
FN:458,_RINvMs8_NtCs60bCMtosx4P_5rowan3apiINtB6_18SyntaxNodeChildrenpE7by_kindpEB8_
FN:480,_RINvMsa_NtCs60bCMtosx4P_5rowan3apiINtB6_21SyntaxElementChildrenpE7by_kindpEB8_
FN:174,_RNCINvMs4_NtCs60bCMtosx4P_5rowan3apiINtB8_10SyntaxNodepE19first_child_by_kindpE0Ba_
FN:204,_RNCINvMs4_NtCs60bCMtosx4P_5rowan3apiINtB8_10SyntaxNodepE20next_sibling_by_kindpE0Ba_
FN:189,_RNCINvMs4_NtCs60bCMtosx4P_5rowan3apiINtB8_10SyntaxNodepE28first_child_or_token_by_kindpE0Ba_
FN:219,_RNCINvMs4_NtCs60bCMtosx4P_5rowan3apiINtB8_10SyntaxNodepE29next_sibling_or_token_by_kindpE0Ba_
FN:461,_RNCINvMs8_NtCs60bCMtosx4P_5rowan3apiINtB8_18SyntaxNodeChildrenpE7by_kindpE0Ba_
FN:483,_RNCINvMsa_NtCs60bCMtosx4P_5rowan3apiINtB8_21SyntaxElementChildrenpE7by_kindpE0Ba_
FN:503,_RNCNvXININtCs60bCMtosx4P_5rowan3apisc_0pEINtB7_8PreorderpENtNtNtNtCsLngDfyB0US_4core4iter6traits8iterator8Iterator4next0B9_
FN:178,_RNvMs4_NtCs60bCMtosx4P_5rowan3apiINtB5_10SyntaxNodepE10last_childB7_
FN:232,_RNvMs4_NtCs60bCMtosx4P_5rowan3apiINtB5_10SyntaxNodepE10last_tokenB7_
FN:244,_RNvMs4_NtCs60bCMtosx4P_5rowan3apiINtB5_10SyntaxNodepE11descendantsB7_
FN:167,_RNvMs4_NtCs60bCMtosx4P_5rowan3apiINtB5_10SyntaxNodepE11first_childB7_
FN:228,_RNvMs4_NtCs60bCMtosx4P_5rowan3apiINtB5_10SyntaxNodepE11first_tokenB7_
FN:114,_RNvMs4_NtCs60bCMtosx4P_5rowan3apiINtB5_10SyntaxNodepE12new_root_mutB7_
FN:197,_RNvMs4_NtCs60bCMtosx4P_5rowan3apiINtB5_10SyntaxNodepE12next_siblingB7_
FN:208,_RNvMs4_NtCs60bCMtosx4P_5rowan3apiINtB5_10SyntaxNodepE12prev_siblingB7_
FN:121,_RNvMs4_NtCs60bCMtosx4P_5rowan3apiINtB5_10SyntaxNodepE12replace_withB7_
FN:297,_RNvMs4_NtCs60bCMtosx4P_5rowan3apiINtB5_10SyntaxNodepE13clone_subtreeB7_
FN:272,_RNvMs4_NtCs60bCMtosx4P_5rowan3apiINtB5_10SyntaxNodepE15token_at_offsetB7_
FN:280,_RNvMs4_NtCs60bCMtosx4P_5rowan3apiINtB5_10SyntaxNodepE16covering_elementB7_
FN:193,_RNvMs4_NtCs60bCMtosx4P_5rowan3apiINtB5_10SyntaxNodepE19last_child_or_tokenB7_
FN:160,_RNvMs4_NtCs60bCMtosx4P_5rowan3apiINtB5_10SyntaxNodepE20children_with_tokensB7_
FN:182,_RNvMs4_NtCs60bCMtosx4P_5rowan3apiINtB5_10SyntaxNodepE20first_child_or_tokenB7_
FN:240,_RNvMs4_NtCs60bCMtosx4P_5rowan3apiINtB5_10SyntaxNodepE20siblings_with_tokensB7_
FN:212,_RNvMs4_NtCs60bCMtosx4P_5rowan3apiINtB5_10SyntaxNodepE21next_sibling_or_tokenB7_
FN:223,_RNvMs4_NtCs60bCMtosx4P_5rowan3apiINtB5_10SyntaxNodepE21prev_sibling_or_tokenB7_
FN:248,_RNvMs4_NtCs60bCMtosx4P_5rowan3apiINtB5_10SyntaxNodepE23descendants_with_tokensB7_
FN:137,_RNvMs4_NtCs60bCMtosx4P_5rowan3apiINtB5_10SyntaxNodepE4textB7_
FN:141,_RNvMs4_NtCs60bCMtosx4P_5rowan3apiINtB5_10SyntaxNodepE5greenB7_
FN:133,_RNvMs4_NtCs60bCMtosx4P_5rowan3apiINtB5_10SyntaxNodepE5indexB7_
FN:309,_RNvMs4_NtCs60bCMtosx4P_5rowan3apiINtB5_10SyntaxNodepE6detachB7_
FN:153,_RNvMs4_NtCs60bCMtosx4P_5rowan3apiINtB5_10SyntaxNodepE8childrenB7_
FN:254,_RNvMs4_NtCs60bCMtosx4P_5rowan3apiINtB5_10SyntaxNodepE8preorderB7_
FN:236,_RNvMs4_NtCs60bCMtosx4P_5rowan3apiINtB5_10SyntaxNodepE8siblingsB7_
FN:149,_RNvMs4_NtCs60bCMtosx4P_5rowan3apiINtB5_10SyntaxNodepE9ancestorsB7_
FN:374,_RNvMs5_NtCs60bCMtosx4P_5rowan3apiINtB5_11SyntaxTokenpE10next_tokenB7_
FN:378,_RNvMs5_NtCs60bCMtosx4P_5rowan3apiINtB5_11SyntaxTokenpE10prev_tokenB7_
FN:323,_RNvMs5_NtCs60bCMtosx4P_5rowan3apiINtB5_11SyntaxTokenpE12replace_withB7_
FN:358,_RNvMs5_NtCs60bCMtosx4P_5rowan3apiINtB5_11SyntaxTokenpE16parent_ancestorsB7_
FN:369,_RNvMs5_NtCs60bCMtosx4P_5rowan3apiINtB5_11SyntaxTokenpE20siblings_with_tokensB7_
FN:362,_RNvMs5_NtCs60bCMtosx4P_5rowan3apiINtB5_11SyntaxTokenpE21next_sibling_or_tokenB7_
FN:365,_RNvMs5_NtCs60bCMtosx4P_5rowan3apiINtB5_11SyntaxTokenpE21prev_sibling_or_tokenB7_
FN:343,_RNvMs5_NtCs60bCMtosx4P_5rowan3apiINtB5_11SyntaxTokenpE5greenB7_
FN:335,_RNvMs5_NtCs60bCMtosx4P_5rowan3apiINtB5_11SyntaxTokenpE5indexB7_
FN:382,_RNvMs5_NtCs60bCMtosx4P_5rowan3apiINtB5_11SyntaxTokenpE6detachB7_
FN:347,_RNvMs5_NtCs60bCMtosx4P_5rowan3apiINtB5_11SyntaxTokenpE6parentB7_
FN:353,_RNvMs5_NtCs60bCMtosx4P_5rowan3apiINtB5_11SyntaxTokenpE9ancestorsB7_
FN:388,_RNvMs6_NtCs60bCMtosx4P_5rowan3apiINtNtB7_13utility_types11NodeOrTokenINtB5_10SyntaxNodepEINtB5_11SyntaxTokenpEE10text_rangeB7_
FN:424,_RNvMs6_NtCs60bCMtosx4P_5rowan3apiINtNtB7_13utility_types11NodeOrTokenINtB5_10SyntaxNodepEINtB5_11SyntaxTokenpEE21next_sibling_or_tokenB7_
FN:430,_RNvMs6_NtCs60bCMtosx4P_5rowan3apiINtNtB7_13utility_types11NodeOrTokenINtB5_10SyntaxNodepEINtB5_11SyntaxTokenpEE21prev_sibling_or_tokenB7_
FN:402,_RNvMs6_NtCs60bCMtosx4P_5rowan3apiINtNtB7_13utility_types11NodeOrTokenINtB5_10SyntaxNodepEINtB5_11SyntaxTokenpEE4kindB7_
FN:395,_RNvMs6_NtCs60bCMtosx4P_5rowan3apiINtNtB7_13utility_types11NodeOrTokenINtB5_10SyntaxNodepEINtB5_11SyntaxTokenpEE5indexB7_
FN:436,_RNvMs6_NtCs60bCMtosx4P_5rowan3apiINtNtB7_13utility_types11NodeOrTokenINtB5_10SyntaxNodepEINtB5_11SyntaxTokenpEE6detachB7_
FN:409,_RNvMs6_NtCs60bCMtosx4P_5rowan3apiINtNtB7_13utility_types11NodeOrTokenINtB5_10SyntaxNodepEINtB5_11SyntaxTokenpEE6parentB7_
FN:416,_RNvMs6_NtCs60bCMtosx4P_5rowan3apiINtNtB7_13utility_types11NodeOrTokenINtB5_10SyntaxNodepEINtB5_11SyntaxTokenpEE9ancestorsB7_
FN:495,_RNvMsb_NtCs60bCMtosx4P_5rowan3apiINtB5_8PreorderpE12skip_subtreeB7_
FN:514,_RNvMsd_NtCs60bCMtosx4P_5rowan3apiINtB5_18PreorderWithTokenspE12skip_subtreeB7_
FN:93,_RNvXININtCs60bCMtosx4P_5rowan3apis1_0pEINtB5_11SyntaxTokenpENtNtCsLngDfyB0US_4core3fmt7Display3fmtB7_
FN:99,_RNvXININtCs60bCMtosx4P_5rowan3apis2_0pEINtNtB7_13utility_types11NodeOrTokenINtB5_10SyntaxNodepEINtB5_11SyntaxTokenpEEINtNtCsLngDfyB0US_4core7convert4FromB1b_E4fromB7_
FN:105,_RNvXININtCs60bCMtosx4P_5rowan3apis3_0pEINtNtB7_13utility_types11NodeOrTokenINtB5_10SyntaxNodepEINtB5_11SyntaxTokenpEEINtNtCsLngDfyB0US_4core7convert4FromB1v_E4fromB7_
FN:452,_RNvXININtCs60bCMtosx4P_5rowan3apis7_0pEINtB5_18SyntaxNodeChildrenpENtNtNtNtCsLngDfyB0US_4core4iter6traits8iterator8Iterator4nextB7_
FN:474,_RNvXININtCs60bCMtosx4P_5rowan3apis9_0pEINtB5_21SyntaxElementChildrenpENtNtNtNtCsLngDfyB0US_4core4iter6traits8iterator8Iterator4nextB7_
FN:70,_RNvXININtCs60bCMtosx4P_5rowan3apis_0pEINtB5_10SyntaxNodepENtNtCsLngDfyB0US_4core3fmt7Display3fmtB7_
FN:502,_RNvXININtCs60bCMtosx4P_5rowan3apisc_0pEINtB5_8PreorderpENtNtNtNtCsLngDfyB0US_4core4iter6traits8iterator8Iterator4nextB7_
FN:536,_RNvXININtCs60bCMtosx4P_5rowan3apisg_0pENtNtB7_6cursor10SyntaxNodeINtNtCsLngDfyB0US_4core7convert4FromINtB5_10SyntaxNodepEE4fromB7_
FN:551,_RNvXININtCs60bCMtosx4P_5rowan3apisi_0pENtNtB7_6cursor11SyntaxTokenINtNtCsLngDfyB0US_4core7convert4FromINtB5_11SyntaxTokenpEE4fromB7_
FN:566,_RNvXININtCs60bCMtosx4P_5rowan3apisk_0pEINtNtB7_13utility_types11NodeOrTokenNtNtB7_6cursor10SyntaxNodeNtB1d_11SyntaxTokenEINtNtCsLngDfyB0US_4core7convert4FromIBC_INtB5_10SyntaxNodepEINtB5_11SyntaxTokenpEEE4fromB7_
FN:522,_RNCNvXse_NtCs60bCMtosx4P_5rowan3apiINtB7_18PreorderWithTokensNtNtNtB9_3ast5tests12TestLanguageENtNtNtNtCsLngDfyB0US_4core4iter6traits8iterator8Iterator4next0B9_
FN:305,_RNvMs4_NtCs60bCMtosx4P_5rowan3apiINtB5_10SyntaxNodeNtNtNtB7_3ast5tests12TestLanguageE10is_mutableB7_
FN:129,_RNvMs4_NtCs60bCMtosx4P_5rowan3apiINtB5_10SyntaxNodeNtNtNtB7_3ast5tests12TestLanguageE10text_rangeB7_
FN:301,_RNvMs4_NtCs60bCMtosx4P_5rowan3apiINtB5_10SyntaxNodeNtNtNtB7_3ast5tests12TestLanguageE16clone_for_updateB7_
FN:263,_RNvMs4_NtCs60bCMtosx4P_5rowan3apiINtB5_10SyntaxNodeNtNtNtB7_3ast5tests12TestLanguageE20preorder_with_tokensB7_
FN:289,_RNvMs4_NtCs60bCMtosx4P_5rowan3apiINtB5_10SyntaxNodeNtNtNtB7_3ast5tests12TestLanguageE23child_or_token_at_rangeB7_
FN:125,_RNvMs4_NtCs60bCMtosx4P_5rowan3apiINtB5_10SyntaxNodeNtNtNtB7_3ast5tests12TestLanguageE4kindB7_
FN:145,_RNvMs4_NtCs60bCMtosx4P_5rowan3apiINtB5_10SyntaxNodeNtNtNtB7_3ast5tests12TestLanguageE6parentB7_
FN:111,_RNvMs4_NtCs60bCMtosx4P_5rowan3apiINtB5_10SyntaxNodeNtNtNtB7_3ast5tests12TestLanguageE8new_rootB7_
FN:331,_RNvMs5_NtCs60bCMtosx4P_5rowan3apiINtB5_11SyntaxTokenNtNtNtB7_3ast5tests12TestLanguageE10text_rangeB7_
FN:327,_RNvMs5_NtCs60bCMtosx4P_5rowan3apiINtB5_11SyntaxTokenNtNtNtB7_3ast5tests12TestLanguageE4kindB7_
FN:339,_RNvMs5_NtCs60bCMtosx4P_5rowan3apiINtB5_11SyntaxTokenNtNtNtB7_3ast5tests12TestLanguageE4textB7_
FN:43,_RNvXNtCs60bCMtosx4P_5rowan3apiINtB2_10SyntaxNodeNtNtNtB4_3ast5tests12TestLanguageENtNtCsLngDfyB0US_4core3fmt5Debug3fmtB4_
FN:76,_RNvXs0_NtCs60bCMtosx4P_5rowan3apiINtB5_11SyntaxTokenNtNtNtB7_3ast5tests12TestLanguageENtNtCsLngDfyB0US_4core3fmt5Debug3fmtB7_
FN:521,_RNvXse_NtCs60bCMtosx4P_5rowan3apiINtB5_18PreorderWithTokensNtNtNtB7_3ast5tests12TestLanguageENtNtNtNtCsLngDfyB0US_4core4iter6traits8iterator8Iterator4nextB7_
FN:527,_RNvXsf_NtCs60bCMtosx4P_5rowan3apiINtB5_10SyntaxNodeNtNtNtB7_3ast5tests12TestLanguageEINtNtCsLngDfyB0US_4core7convert4FromNtNtB7_6cursor10SyntaxNodeE4fromB7_
FN:542,_RNvXsh_NtCs60bCMtosx4P_5rowan3apiINtB5_11SyntaxTokenNtNtNtB7_3ast5tests12TestLanguageEINtNtCsLngDfyB0US_4core7convert4FromNtNtB7_6cursor11SyntaxTokenE4fromB7_
FN:557,_RNvXsj_NtCs60bCMtosx4P_5rowan3apiINtNtB7_13utility_types11NodeOrTokenINtB5_10SyntaxNodeNtNtNtB7_3ast5tests12TestLanguageEINtB5_11SyntaxTokenB1n_EEINtNtCsLngDfyB0US_4core7convert4FromIBw_NtNtB7_6cursor10SyntaxNodeNtB30_11SyntaxTokenEE4fromB7_
FN:557,_RNvXsj_NtCslOPH4Nvh9In_5rowan3apiINtNtB7_13utility_types11NodeOrTokenINtB5_10SyntaxNodeNtCslj974vuwXe_5serde12TestLanguageEINtB5_11SyntaxTokenB1n_EEINtNtCsLngDfyB0US_4core7convert4FromIBw_NtNtB7_6cursor10SyntaxNodeNtB32_11SyntaxTokenEE4fromB1p_
FN:129,_RNvMs4_NtCslOPH4Nvh9In_5rowan3apiINtB5_10SyntaxNodeNtCslj974vuwXe_5serde12TestLanguageE10text_rangeBP_
FN:160,_RNvMs4_NtCslOPH4Nvh9In_5rowan3apiINtB5_10SyntaxNodeNtCslj974vuwXe_5serde12TestLanguageE20children_with_tokensBP_
FN:125,_RNvMs4_NtCslOPH4Nvh9In_5rowan3apiINtB5_10SyntaxNodeNtCslj974vuwXe_5serde12TestLanguageE4kindBP_
FN:111,_RNvMs4_NtCslOPH4Nvh9In_5rowan3apiINtB5_10SyntaxNodeNtCslj974vuwXe_5serde12TestLanguageE8new_rootBP_
FN:331,_RNvMs5_NtCslOPH4Nvh9In_5rowan3apiINtB5_11SyntaxTokenNtCslj974vuwXe_5serde12TestLanguageE10text_rangeBQ_
FN:327,_RNvMs5_NtCslOPH4Nvh9In_5rowan3apiINtB5_11SyntaxTokenNtCslj974vuwXe_5serde12TestLanguageE4kindBQ_
FN:339,_RNvMs5_NtCslOPH4Nvh9In_5rowan3apiINtB5_11SyntaxTokenNtCslj974vuwXe_5serde12TestLanguageE4textBQ_
FN:474,_RNvXs9_NtCslOPH4Nvh9In_5rowan3apiINtB5_21SyntaxElementChildrenNtCslj974vuwXe_5serde12TestLanguageENtNtNtNtCsLngDfyB0US_4core4iter6traits8iterator8Iterator4nextB10_
FN:527,_RNvXsf_NtCslOPH4Nvh9In_5rowan3apiINtB5_10SyntaxNodeNtCslj974vuwXe_5serde12TestLanguageEINtNtCsLngDfyB0US_4core7convert4FromNtNtB7_6cursor10SyntaxNodeE4fromBP_
FN:542,_RNvXsh_NtCslOPH4Nvh9In_5rowan3apiINtB5_11SyntaxTokenNtCslj974vuwXe_5serde12TestLanguageEINtNtCsLngDfyB0US_4core7convert4FromNtNtB7_6cursor11SyntaxTokenE4fromBQ_
FN:160,_RNvMs4_NtCslOPH4Nvh9In_5rowan3apiINtB5_10SyntaxNodeNtCsdJjxJr2Jiyn_4math4LangE20children_with_tokensBP_
FN:125,_RNvMs4_NtCslOPH4Nvh9In_5rowan3apiINtB5_10SyntaxNodeNtCsdJjxJr2Jiyn_4math4LangE4kindBP_
FN:153,_RNvMs4_NtCslOPH4Nvh9In_5rowan3apiINtB5_10SyntaxNodeNtCsdJjxJr2Jiyn_4math4LangE8childrenBP_
FN:111,_RNvMs4_NtCslOPH4Nvh9In_5rowan3apiINtB5_10SyntaxNodeNtCsdJjxJr2Jiyn_4math4LangE8new_rootBP_
FN:327,_RNvMs5_NtCslOPH4Nvh9In_5rowan3apiINtB5_11SyntaxTokenNtCsdJjxJr2Jiyn_4math4LangE4kindBQ_
FN:339,_RNvMs5_NtCslOPH4Nvh9In_5rowan3apiINtB5_11SyntaxTokenNtCsdJjxJr2Jiyn_4math4LangE4textBQ_
FN:452,_RNvXs7_NtCslOPH4Nvh9In_5rowan3apiINtB5_18SyntaxNodeChildrenNtCsdJjxJr2Jiyn_4math4LangENtNtNtNtCsLngDfyB0US_4core4iter6traits8iterator8Iterator4nextBX_
FN:474,_RNvXs9_NtCslOPH4Nvh9In_5rowan3apiINtB5_21SyntaxElementChildrenNtCsdJjxJr2Jiyn_4math4LangENtNtNtNtCsLngDfyB0US_4core4iter6traits8iterator8Iterator4nextB10_
FN:70,_RNvXs_NtCslOPH4Nvh9In_5rowan3apiINtB4_10SyntaxNodeNtCsdJjxJr2Jiyn_4math4LangENtNtCsLngDfyB0US_4core3fmt7Display3fmtBO_
FN:527,_RNvXsf_NtCslOPH4Nvh9In_5rowan3apiINtB5_10SyntaxNodeNtCsdJjxJr2Jiyn_4math4LangEINtNtCsLngDfyB0US_4core7convert4FromNtNtB7_6cursor10SyntaxNodeE4fromBP_
FN:542,_RNvXsh_NtCslOPH4Nvh9In_5rowan3apiINtB5_11SyntaxTokenNtCsdJjxJr2Jiyn_4math4LangEINtNtCsLngDfyB0US_4core7convert4FromNtNtB7_6cursor11SyntaxTokenE4fromBQ_
FN:402,_RNvMs6_NtCslOPH4Nvh9In_5rowan3apiINtNtB7_13utility_types11NodeOrTokenINtB5_10SyntaxNodeNtCsdJjxJr2Jiyn_4math4LangEINtB5_11SyntaxTokenB1n_EE4kindB1p_
FN:99,_RNvXs2_NtCslOPH4Nvh9In_5rowan3apiINtNtB7_13utility_types11NodeOrTokenINtB5_10SyntaxNodeNtCsdJjxJr2Jiyn_4math4LangEINtB5_11SyntaxTokenB1n_EEINtNtCsLngDfyB0US_4core7convert4FromB15_E4fromB1p_
FN:557,_RNvXsj_NtCslOPH4Nvh9In_5rowan3apiINtNtB7_13utility_types11NodeOrTokenINtB5_10SyntaxNodeNtCsdJjxJr2Jiyn_4math4LangEINtB5_11SyntaxTokenB1n_EEINtNtCsLngDfyB0US_4core7convert4FromIBw_NtNtB7_6cursor10SyntaxNodeNtB2T_11SyntaxTokenEE4fromB1p_
FN:522,_RNCNvXse_NtCslOPH4Nvh9In_5rowan3apiINtB7_18PreorderWithTokensNtCsiDGsGWlx1zJ_13s_expressions4LangENtNtNtNtCsLngDfyB0US_4core4iter6traits8iterator8Iterator4next0BZ_
FN:129,_RNvMs4_NtCslOPH4Nvh9In_5rowan3apiINtB5_10SyntaxNodeNtCsiDGsGWlx1zJ_13s_expressions4LangE10text_rangeBP_
FN:228,_RNvMs4_NtCslOPH4Nvh9In_5rowan3apiINtB5_10SyntaxNodeNtCsiDGsGWlx1zJ_13s_expressions4LangE11first_tokenBP_
FN:160,_RNvMs4_NtCslOPH4Nvh9In_5rowan3apiINtB5_10SyntaxNodeNtCsiDGsGWlx1zJ_13s_expressions4LangE20children_with_tokensBP_
FN:263,_RNvMs4_NtCslOPH4Nvh9In_5rowan3apiINtB5_10SyntaxNodeNtCsiDGsGWlx1zJ_13s_expressions4LangE20preorder_with_tokensBP_
FN:125,_RNvMs4_NtCslOPH4Nvh9In_5rowan3apiINtB5_10SyntaxNodeNtCsiDGsGWlx1zJ_13s_expressions4LangE4kindBP_
FN:153,_RNvMs4_NtCslOPH4Nvh9In_5rowan3apiINtB5_10SyntaxNodeNtCsiDGsGWlx1zJ_13s_expressions4LangE8childrenBP_
FN:111,_RNvMs4_NtCslOPH4Nvh9In_5rowan3apiINtB5_10SyntaxNodeNtCsiDGsGWlx1zJ_13s_expressions4LangE8new_rootBP_
FN:331,_RNvMs5_NtCslOPH4Nvh9In_5rowan3apiINtB5_11SyntaxTokenNtCsiDGsGWlx1zJ_13s_expressions4LangE10text_rangeBQ_
FN:327,_RNvMs5_NtCslOPH4Nvh9In_5rowan3apiINtB5_11SyntaxTokenNtCsiDGsGWlx1zJ_13s_expressions4LangE4kindBQ_
FN:339,_RNvMs5_NtCslOPH4Nvh9In_5rowan3apiINtB5_11SyntaxTokenNtCsiDGsGWlx1zJ_13s_expressions4LangE4textBQ_
FN:43,_RNvXNtCslOPH4Nvh9In_5rowan3apiINtB2_10SyntaxNodeNtCsiDGsGWlx1zJ_13s_expressions4LangENtNtCsLngDfyB0US_4core3fmt5Debug3fmtBM_
FN:76,_RNvXs0_NtCslOPH4Nvh9In_5rowan3apiINtB5_11SyntaxTokenNtCsiDGsGWlx1zJ_13s_expressions4LangENtNtCsLngDfyB0US_4core3fmt5Debug3fmtBQ_
FN:452,_RNvXs7_NtCslOPH4Nvh9In_5rowan3apiINtB5_18SyntaxNodeChildrenNtCsiDGsGWlx1zJ_13s_expressions4LangENtNtNtNtCsLngDfyB0US_4core4iter6traits8iterator8Iterator4nextBX_
FN:474,_RNvXs9_NtCslOPH4Nvh9In_5rowan3apiINtB5_21SyntaxElementChildrenNtCsiDGsGWlx1zJ_13s_expressions4LangENtNtNtNtCsLngDfyB0US_4core4iter6traits8iterator8Iterator4nextB10_
FN:70,_RNvXs_NtCslOPH4Nvh9In_5rowan3apiINtB4_10SyntaxNodeNtCsiDGsGWlx1zJ_13s_expressions4LangENtNtCsLngDfyB0US_4core3fmt7Display3fmtBO_
FN:521,_RNvXse_NtCslOPH4Nvh9In_5rowan3apiINtB5_18PreorderWithTokensNtCsiDGsGWlx1zJ_13s_expressions4LangENtNtNtNtCsLngDfyB0US_4core4iter6traits8iterator8Iterator4nextBX_
FN:527,_RNvXsf_NtCslOPH4Nvh9In_5rowan3apiINtB5_10SyntaxNodeNtCsiDGsGWlx1zJ_13s_expressions4LangEINtNtCsLngDfyB0US_4core7convert4FromNtNtB7_6cursor10SyntaxNodeE4fromBP_
FN:542,_RNvXsh_NtCslOPH4Nvh9In_5rowan3apiINtB5_11SyntaxTokenNtCsiDGsGWlx1zJ_13s_expressions4LangEINtNtCsLngDfyB0US_4core7convert4FromNtNtB7_6cursor11SyntaxTokenE4fromBQ_
FN:388,_RNvMs6_NtCslOPH4Nvh9In_5rowan3apiINtNtB7_13utility_types11NodeOrTokenINtB5_10SyntaxNodeNtCsiDGsGWlx1zJ_13s_expressions4LangEINtB5_11SyntaxTokenB1n_EE10text_rangeB1p_
FN:402,_RNvMs6_NtCslOPH4Nvh9In_5rowan3apiINtNtB7_13utility_types11NodeOrTokenINtB5_10SyntaxNodeNtCsiDGsGWlx1zJ_13s_expressions4LangEINtB5_11SyntaxTokenB1n_EE4kindB1p_
FN:557,_RNvXsj_NtCslOPH4Nvh9In_5rowan3apiINtNtB7_13utility_types11NodeOrTokenINtB5_10SyntaxNodeNtCsiDGsGWlx1zJ_13s_expressions4LangEINtB5_11SyntaxTokenB1n_EEINtNtCsLngDfyB0US_4core7convert4FromIBw_NtNtB7_6cursor10SyntaxNodeNtB33_11SyntaxTokenEE4fromB1p_
FNDA:0,_RINvMs4_NtCs60bCMtosx4P_5rowan3apiINtB6_10SyntaxNodepE15splice_childrenpEB8_
FNDA:0,_RINvMs4_NtCs60bCMtosx4P_5rowan3apiINtB6_10SyntaxNodepE19first_child_by_kindpEB8_
FNDA:0,_RINvMs4_NtCs60bCMtosx4P_5rowan3apiINtB6_10SyntaxNodepE20next_sibling_by_kindpEB8_
FNDA:0,_RINvMs4_NtCs60bCMtosx4P_5rowan3apiINtB6_10SyntaxNodepE28first_child_or_token_by_kindpEB8_
FNDA:0,_RINvMs4_NtCs60bCMtosx4P_5rowan3apiINtB6_10SyntaxNodepE29next_sibling_or_token_by_kindpEB8_
FNDA:0,_RINvMs8_NtCs60bCMtosx4P_5rowan3apiINtB6_18SyntaxNodeChildrenpE7by_kindpEB8_
FNDA:0,_RINvMsa_NtCs60bCMtosx4P_5rowan3apiINtB6_21SyntaxElementChildrenpE7by_kindpEB8_
FNDA:0,_RNCINvMs4_NtCs60bCMtosx4P_5rowan3apiINtB8_10SyntaxNodepE19first_child_by_kindpE0Ba_
FNDA:0,_RNCINvMs4_NtCs60bCMtosx4P_5rowan3apiINtB8_10SyntaxNodepE20next_sibling_by_kindpE0Ba_
FNDA:0,_RNCINvMs4_NtCs60bCMtosx4P_5rowan3apiINtB8_10SyntaxNodepE28first_child_or_token_by_kindpE0Ba_
FNDA:0,_RNCINvMs4_NtCs60bCMtosx4P_5rowan3apiINtB8_10SyntaxNodepE29next_sibling_or_token_by_kindpE0Ba_
FNDA:0,_RNCINvMs8_NtCs60bCMtosx4P_5rowan3apiINtB8_18SyntaxNodeChildrenpE7by_kindpE0Ba_
FNDA:0,_RNCINvMsa_NtCs60bCMtosx4P_5rowan3apiINtB8_21SyntaxElementChildrenpE7by_kindpE0Ba_
FNDA:0,_RNCNvXININtCs60bCMtosx4P_5rowan3apisc_0pEINtB7_8PreorderpENtNtNtNtCsLngDfyB0US_4core4iter6traits8iterator8Iterator4next0B9_
FNDA:0,_RNvMs4_NtCs60bCMtosx4P_5rowan3apiINtB5_10SyntaxNodepE10last_childB7_
FNDA:0,_RNvMs4_NtCs60bCMtosx4P_5rowan3apiINtB5_10SyntaxNodepE10last_tokenB7_
FNDA:0,_RNvMs4_NtCs60bCMtosx4P_5rowan3apiINtB5_10SyntaxNodepE11descendantsB7_
FNDA:0,_RNvMs4_NtCs60bCMtosx4P_5rowan3apiINtB5_10SyntaxNodepE11first_childB7_
FNDA:0,_RNvMs4_NtCs60bCMtosx4P_5rowan3apiINtB5_10SyntaxNodepE11first_tokenB7_
FNDA:0,_RNvMs4_NtCs60bCMtosx4P_5rowan3apiINtB5_10SyntaxNodepE12new_root_mutB7_
FNDA:0,_RNvMs4_NtCs60bCMtosx4P_5rowan3apiINtB5_10SyntaxNodepE12next_siblingB7_
FNDA:0,_RNvMs4_NtCs60bCMtosx4P_5rowan3apiINtB5_10SyntaxNodepE12prev_siblingB7_
FNDA:0,_RNvMs4_NtCs60bCMtosx4P_5rowan3apiINtB5_10SyntaxNodepE12replace_withB7_
FNDA:0,_RNvMs4_NtCs60bCMtosx4P_5rowan3apiINtB5_10SyntaxNodepE13clone_subtreeB7_
FNDA:0,_RNvMs4_NtCs60bCMtosx4P_5rowan3apiINtB5_10SyntaxNodepE15token_at_offsetB7_
FNDA:0,_RNvMs4_NtCs60bCMtosx4P_5rowan3apiINtB5_10SyntaxNodepE16covering_elementB7_
FNDA:0,_RNvMs4_NtCs60bCMtosx4P_5rowan3apiINtB5_10SyntaxNodepE19last_child_or_tokenB7_
FNDA:0,_RNvMs4_NtCs60bCMtosx4P_5rowan3apiINtB5_10SyntaxNodepE20children_with_tokensB7_
FNDA:0,_RNvMs4_NtCs60bCMtosx4P_5rowan3apiINtB5_10SyntaxNodepE20first_child_or_tokenB7_
FNDA:0,_RNvMs4_NtCs60bCMtosx4P_5rowan3apiINtB5_10SyntaxNodepE20siblings_with_tokensB7_
FNDA:0,_RNvMs4_NtCs60bCMtosx4P_5rowan3apiINtB5_10SyntaxNodepE21next_sibling_or_tokenB7_
FNDA:0,_RNvMs4_NtCs60bCMtosx4P_5rowan3apiINtB5_10SyntaxNodepE21prev_sibling_or_tokenB7_
FNDA:0,_RNvMs4_NtCs60bCMtosx4P_5rowan3apiINtB5_10SyntaxNodepE23descendants_with_tokensB7_
FNDA:0,_RNvMs4_NtCs60bCMtosx4P_5rowan3apiINtB5_10SyntaxNodepE4textB7_
FNDA:0,_RNvMs4_NtCs60bCMtosx4P_5rowan3apiINtB5_10SyntaxNodepE5greenB7_
FNDA:0,_RNvMs4_NtCs60bCMtosx4P_5rowan3apiINtB5_10SyntaxNodepE5indexB7_
FNDA:0,_RNvMs4_NtCs60bCMtosx4P_5rowan3apiINtB5_10SyntaxNodepE6detachB7_
FNDA:0,_RNvMs4_NtCs60bCMtosx4P_5rowan3apiINtB5_10SyntaxNodepE8childrenB7_
FNDA:0,_RNvMs4_NtCs60bCMtosx4P_5rowan3apiINtB5_10SyntaxNodepE8preorderB7_
FNDA:0,_RNvMs4_NtCs60bCMtosx4P_5rowan3apiINtB5_10SyntaxNodepE8siblingsB7_
FNDA:0,_RNvMs4_NtCs60bCMtosx4P_5rowan3apiINtB5_10SyntaxNodepE9ancestorsB7_
FNDA:0,_RNvMs5_NtCs60bCMtosx4P_5rowan3apiINtB5_11SyntaxTokenpE10next_tokenB7_
FNDA:0,_RNvMs5_NtCs60bCMtosx4P_5rowan3apiINtB5_11SyntaxTokenpE10prev_tokenB7_
FNDA:0,_RNvMs5_NtCs60bCMtosx4P_5rowan3apiINtB5_11SyntaxTokenpE12replace_withB7_
FNDA:0,_RNvMs5_NtCs60bCMtosx4P_5rowan3apiINtB5_11SyntaxTokenpE16parent_ancestorsB7_
FNDA:0,_RNvMs5_NtCs60bCMtosx4P_5rowan3apiINtB5_11SyntaxTokenpE20siblings_with_tokensB7_
FNDA:0,_RNvMs5_NtCs60bCMtosx4P_5rowan3apiINtB5_11SyntaxTokenpE21next_sibling_or_tokenB7_
FNDA:0,_RNvMs5_NtCs60bCMtosx4P_5rowan3apiINtB5_11SyntaxTokenpE21prev_sibling_or_tokenB7_
FNDA:0,_RNvMs5_NtCs60bCMtosx4P_5rowan3apiINtB5_11SyntaxTokenpE5greenB7_
FNDA:0,_RNvMs5_NtCs60bCMtosx4P_5rowan3apiINtB5_11SyntaxTokenpE5indexB7_
FNDA:0,_RNvMs5_NtCs60bCMtosx4P_5rowan3apiINtB5_11SyntaxTokenpE6detachB7_
FNDA:0,_RNvMs5_NtCs60bCMtosx4P_5rowan3apiINtB5_11SyntaxTokenpE6parentB7_
FNDA:0,_RNvMs5_NtCs60bCMtosx4P_5rowan3apiINtB5_11SyntaxTokenpE9ancestorsB7_
FNDA:0,_RNvMs6_NtCs60bCMtosx4P_5rowan3apiINtNtB7_13utility_types11NodeOrTokenINtB5_10SyntaxNodepEINtB5_11SyntaxTokenpEE10text_rangeB7_
FNDA:0,_RNvMs6_NtCs60bCMtosx4P_5rowan3apiINtNtB7_13utility_types11NodeOrTokenINtB5_10SyntaxNodepEINtB5_11SyntaxTokenpEE21next_sibling_or_tokenB7_
FNDA:0,_RNvMs6_NtCs60bCMtosx4P_5rowan3apiINtNtB7_13utility_types11NodeOrTokenINtB5_10SyntaxNodepEINtB5_11SyntaxTokenpEE21prev_sibling_or_tokenB7_
FNDA:0,_RNvMs6_NtCs60bCMtosx4P_5rowan3apiINtNtB7_13utility_types11NodeOrTokenINtB5_10SyntaxNodepEINtB5_11SyntaxTokenpEE4kindB7_
FNDA:0,_RNvMs6_NtCs60bCMtosx4P_5rowan3apiINtNtB7_13utility_types11NodeOrTokenINtB5_10SyntaxNodepEINtB5_11SyntaxTokenpEE5indexB7_
FNDA:0,_RNvMs6_NtCs60bCMtosx4P_5rowan3apiINtNtB7_13utility_types11NodeOrTokenINtB5_10SyntaxNodepEINtB5_11SyntaxTokenpEE6detachB7_
FNDA:0,_RNvMs6_NtCs60bCMtosx4P_5rowan3apiINtNtB7_13utility_types11NodeOrTokenINtB5_10SyntaxNodepEINtB5_11SyntaxTokenpEE6parentB7_
FNDA:0,_RNvMs6_NtCs60bCMtosx4P_5rowan3apiINtNtB7_13utility_types11NodeOrTokenINtB5_10SyntaxNodepEINtB5_11SyntaxTokenpEE9ancestorsB7_
FNDA:0,_RNvMsb_NtCs60bCMtosx4P_5rowan3apiINtB5_8PreorderpE12skip_subtreeB7_
FNDA:0,_RNvMsd_NtCs60bCMtosx4P_5rowan3apiINtB5_18PreorderWithTokenspE12skip_subtreeB7_
FNDA:0,_RNvXININtCs60bCMtosx4P_5rowan3apis1_0pEINtB5_11SyntaxTokenpENtNtCsLngDfyB0US_4core3fmt7Display3fmtB7_
FNDA:0,_RNvXININtCs60bCMtosx4P_5rowan3apis2_0pEINtNtB7_13utility_types11NodeOrTokenINtB5_10SyntaxNodepEINtB5_11SyntaxTokenpEEINtNtCsLngDfyB0US_4core7convert4FromB1b_E4fromB7_
FNDA:0,_RNvXININtCs60bCMtosx4P_5rowan3apis3_0pEINtNtB7_13utility_types11NodeOrTokenINtB5_10SyntaxNodepEINtB5_11SyntaxTokenpEEINtNtCsLngDfyB0US_4core7convert4FromB1v_E4fromB7_
FNDA:0,_RNvXININtCs60bCMtosx4P_5rowan3apis7_0pEINtB5_18SyntaxNodeChildrenpENtNtNtNtCsLngDfyB0US_4core4iter6traits8iterator8Iterator4nextB7_
FNDA:0,_RNvXININtCs60bCMtosx4P_5rowan3apis9_0pEINtB5_21SyntaxElementChildrenpENtNtNtNtCsLngDfyB0US_4core4iter6traits8iterator8Iterator4nextB7_
FNDA:0,_RNvXININtCs60bCMtosx4P_5rowan3apis_0pEINtB5_10SyntaxNodepENtNtCsLngDfyB0US_4core3fmt7Display3fmtB7_
FNDA:0,_RNvXININtCs60bCMtosx4P_5rowan3apisc_0pEINtB5_8PreorderpENtNtNtNtCsLngDfyB0US_4core4iter6traits8iterator8Iterator4nextB7_
FNDA:0,_RNvXININtCs60bCMtosx4P_5rowan3apisg_0pENtNtB7_6cursor10SyntaxNodeINtNtCsLngDfyB0US_4core7convert4FromINtB5_10SyntaxNodepEE4fromB7_
FNDA:0,_RNvXININtCs60bCMtosx4P_5rowan3apisi_0pENtNtB7_6cursor11SyntaxTokenINtNtCsLngDfyB0US_4core7convert4FromINtB5_11SyntaxTokenpEE4fromB7_
FNDA:0,_RNvXININtCs60bCMtosx4P_5rowan3apisk_0pEINtNtB7_13utility_types11NodeOrTokenNtNtB7_6cursor10SyntaxNodeNtB1d_11SyntaxTokenEINtNtCsLngDfyB0US_4core7convert4FromIBC_INtB5_10SyntaxNodepEINtB5_11SyntaxTokenpEEE4fromB7_
FNDA:0,_RNCNvXse_NtCs60bCMtosx4P_5rowan3apiINtB7_18PreorderWithTokensNtNtNtB9_3ast5tests12TestLanguageENtNtNtNtCsLngDfyB0US_4core4iter6traits8iterator8Iterator4next0B9_
FNDA:3,_RNvMs4_NtCs60bCMtosx4P_5rowan3apiINtB5_10SyntaxNodeNtNtNtB7_3ast5tests12TestLanguageE10is_mutableB7_
FNDA:1,_RNvMs4_NtCs60bCMtosx4P_5rowan3apiINtB5_10SyntaxNodeNtNtNtB7_3ast5tests12TestLanguageE10text_rangeB7_
FNDA:2,_RNvMs4_NtCs60bCMtosx4P_5rowan3apiINtB5_10SyntaxNodeNtNtNtB7_3ast5tests12TestLanguageE16clone_for_updateB7_
FNDA:0,_RNvMs4_NtCs60bCMtosx4P_5rowan3apiINtB5_10SyntaxNodeNtNtNtB7_3ast5tests12TestLanguageE20preorder_with_tokensB7_
FNDA:0,_RNvMs4_NtCs60bCMtosx4P_5rowan3apiINtB5_10SyntaxNodeNtNtNtB7_3ast5tests12TestLanguageE23child_or_token_at_rangeB7_
FNDA:1,_RNvMs4_NtCs60bCMtosx4P_5rowan3apiINtB5_10SyntaxNodeNtNtNtB7_3ast5tests12TestLanguageE4kindB7_
FNDA:0,_RNvMs4_NtCs60bCMtosx4P_5rowan3apiINtB5_10SyntaxNodeNtNtNtB7_3ast5tests12TestLanguageE6parentB7_
FNDA:2,_RNvMs4_NtCs60bCMtosx4P_5rowan3apiINtB5_10SyntaxNodeNtNtNtB7_3ast5tests12TestLanguageE8new_rootB7_
FNDA:0,_RNvMs5_NtCs60bCMtosx4P_5rowan3apiINtB5_11SyntaxTokenNtNtNtB7_3ast5tests12TestLanguageE10text_rangeB7_
FNDA:0,_RNvMs5_NtCs60bCMtosx4P_5rowan3apiINtB5_11SyntaxTokenNtNtNtB7_3ast5tests12TestLanguageE4kindB7_
FNDA:0,_RNvMs5_NtCs60bCMtosx4P_5rowan3apiINtB5_11SyntaxTokenNtNtNtB7_3ast5tests12TestLanguageE4textB7_
FNDA:0,_RNvXNtCs60bCMtosx4P_5rowan3apiINtB2_10SyntaxNodeNtNtNtB4_3ast5tests12TestLanguageENtNtCsLngDfyB0US_4core3fmt5Debug3fmtB4_
FNDA:0,_RNvXs0_NtCs60bCMtosx4P_5rowan3apiINtB5_11SyntaxTokenNtNtNtB7_3ast5tests12TestLanguageENtNtCsLngDfyB0US_4core3fmt5Debug3fmtB7_
FNDA:0,_RNvXse_NtCs60bCMtosx4P_5rowan3apiINtB5_18PreorderWithTokensNtNtNtB7_3ast5tests12TestLanguageENtNtNtNtCsLngDfyB0US_4core4iter6traits8iterator8Iterator4nextB7_
FNDA:4,_RNvXsf_NtCs60bCMtosx4P_5rowan3apiINtB5_10SyntaxNodeNtNtNtB7_3ast5tests12TestLanguageEINtNtCsLngDfyB0US_4core7convert4FromNtNtB7_6cursor10SyntaxNodeE4fromB7_
FNDA:0,_RNvXsh_NtCs60bCMtosx4P_5rowan3apiINtB5_11SyntaxTokenNtNtNtB7_3ast5tests12TestLanguageEINtNtCsLngDfyB0US_4core7convert4FromNtNtB7_6cursor11SyntaxTokenE4fromB7_
FNDA:0,_RNvXsj_NtCs60bCMtosx4P_5rowan3apiINtNtB7_13utility_types11NodeOrTokenINtB5_10SyntaxNodeNtNtNtB7_3ast5tests12TestLanguageEINtB5_11SyntaxTokenB1n_EEINtNtCsLngDfyB0US_4core7convert4FromIBw_NtNtB7_6cursor10SyntaxNodeNtB30_11SyntaxTokenEE4fromB7_
FNDA:4,_RNvXsj_NtCslOPH4Nvh9In_5rowan3apiINtNtB7_13utility_types11NodeOrTokenINtB5_10SyntaxNodeNtCslj974vuwXe_5serde12TestLanguageEINtB5_11SyntaxTokenB1n_EEINtNtCsLngDfyB0US_4core7convert4FromIBw_NtNtB7_6cursor10SyntaxNodeNtB32_11SyntaxTokenEE4fromB1p_
FNDA:3,_RNvMs4_NtCslOPH4Nvh9In_5rowan3apiINtB5_10SyntaxNodeNtCslj974vuwXe_5serde12TestLanguageE10text_rangeBP_
FNDA:3,_RNvMs4_NtCslOPH4Nvh9In_5rowan3apiINtB5_10SyntaxNodeNtCslj974vuwXe_5serde12TestLanguageE20children_with_tokensBP_
FNDA:3,_RNvMs4_NtCslOPH4Nvh9In_5rowan3apiINtB5_10SyntaxNodeNtCslj974vuwXe_5serde12TestLanguageE4kindBP_
FNDA:1,_RNvMs4_NtCslOPH4Nvh9In_5rowan3apiINtB5_10SyntaxNodeNtCslj974vuwXe_5serde12TestLanguageE8new_rootBP_
FNDA:2,_RNvMs5_NtCslOPH4Nvh9In_5rowan3apiINtB5_11SyntaxTokenNtCslj974vuwXe_5serde12TestLanguageE10text_rangeBQ_
FNDA:2,_RNvMs5_NtCslOPH4Nvh9In_5rowan3apiINtB5_11SyntaxTokenNtCslj974vuwXe_5serde12TestLanguageE4kindBQ_
FNDA:2,_RNvMs5_NtCslOPH4Nvh9In_5rowan3apiINtB5_11SyntaxTokenNtCslj974vuwXe_5serde12TestLanguageE4textBQ_
FNDA:7,_RNvXs9_NtCslOPH4Nvh9In_5rowan3apiINtB5_21SyntaxElementChildrenNtCslj974vuwXe_5serde12TestLanguageENtNtNtNtCsLngDfyB0US_4core4iter6traits8iterator8Iterator4nextB10_
FNDA:3,_RNvXsf_NtCslOPH4Nvh9In_5rowan3apiINtB5_10SyntaxNodeNtCslj974vuwXe_5serde12TestLanguageEINtNtCsLngDfyB0US_4core7convert4FromNtNtB7_6cursor10SyntaxNodeE4fromBP_
FNDA:2,_RNvXsh_NtCslOPH4Nvh9In_5rowan3apiINtB5_11SyntaxTokenNtCslj974vuwXe_5serde12TestLanguageEINtNtCsLngDfyB0US_4core7convert4FromNtNtB7_6cursor11SyntaxTokenE4fromBQ_
FNDA:6,_RNvMs4_NtCslOPH4Nvh9In_5rowan3apiINtB5_10SyntaxNodeNtCsdJjxJr2Jiyn_4math4LangE20children_with_tokensBP_
FNDA:9,_RNvMs4_NtCslOPH4Nvh9In_5rowan3apiINtB5_10SyntaxNodeNtCsdJjxJr2Jiyn_4math4LangE4kindBP_
FNDA:4,_RNvMs4_NtCslOPH4Nvh9In_5rowan3apiINtB5_10SyntaxNodeNtCsdJjxJr2Jiyn_4math4LangE8childrenBP_
FNDA:3,_RNvMs4_NtCslOPH4Nvh9In_5rowan3apiINtB5_10SyntaxNodeNtCsdJjxJr2Jiyn_4math4LangE8new_rootBP_
FNDA:14,_RNvMs5_NtCslOPH4Nvh9In_5rowan3apiINtB5_11SyntaxTokenNtCsdJjxJr2Jiyn_4math4LangE4kindBQ_
FNDA:14,_RNvMs5_NtCslOPH4Nvh9In_5rowan3apiINtB5_11SyntaxTokenNtCsdJjxJr2Jiyn_4math4LangE4textBQ_
FNDA:4,_RNvXs7_NtCslOPH4Nvh9In_5rowan3apiINtB5_18SyntaxNodeChildrenNtCsdJjxJr2Jiyn_4math4LangENtNtNtNtCsLngDfyB0US_4core4iter6traits8iterator8Iterator4nextBX_
FNDA:22,_RNvXs9_NtCslOPH4Nvh9In_5rowan3apiINtB5_21SyntaxElementChildrenNtCsdJjxJr2Jiyn_4math4LangENtNtNtNtCsLngDfyB0US_4core4iter6traits8iterator8Iterator4nextB10_
FNDA:3,_RNvXs_NtCslOPH4Nvh9In_5rowan3apiINtB4_10SyntaxNodeNtCsdJjxJr2Jiyn_4math4LangENtNtCsLngDfyB0US_4core3fmt7Display3fmtBO_
FNDA:10,_RNvXsf_NtCslOPH4Nvh9In_5rowan3apiINtB5_10SyntaxNodeNtCsdJjxJr2Jiyn_4math4LangEINtNtCsLngDfyB0US_4core7convert4FromNtNtB7_6cursor10SyntaxNodeE4fromBP_
FNDA:14,_RNvXsh_NtCslOPH4Nvh9In_5rowan3apiINtB5_11SyntaxTokenNtCsdJjxJr2Jiyn_4math4LangEINtNtCsLngDfyB0US_4core7convert4FromNtNtB7_6cursor11SyntaxTokenE4fromBQ_
FNDA:17,_RNvMs6_NtCslOPH4Nvh9In_5rowan3apiINtNtB7_13utility_types11NodeOrTokenINtB5_10SyntaxNodeNtCsdJjxJr2Jiyn_4math4LangEINtB5_11SyntaxTokenB1n_EE4kindB1p_
FNDA:1,_RNvXs2_NtCslOPH4Nvh9In_5rowan3apiINtNtB7_13utility_types11NodeOrTokenINtB5_10SyntaxNodeNtCsdJjxJr2Jiyn_4math4LangEINtB5_11SyntaxTokenB1n_EEINtNtCsLngDfyB0US_4core7convert4FromB15_E4fromB1p_
FNDA:17,_RNvXsj_NtCslOPH4Nvh9In_5rowan3apiINtNtB7_13utility_types11NodeOrTokenINtB5_10SyntaxNodeNtCsdJjxJr2Jiyn_4math4LangEINtB5_11SyntaxTokenB1n_EEINtNtCsLngDfyB0US_4core7convert4FromIBw_NtNtB7_6cursor10SyntaxNodeNtB2T_11SyntaxTokenEE4fromB1p_
FNDA:0,_RNCNvXse_NtCslOPH4Nvh9In_5rowan3apiINtB7_18PreorderWithTokensNtCsiDGsGWlx1zJ_13s_expressions4LangENtNtNtNtCsLngDfyB0US_4core4iter6traits8iterator8Iterator4next0BZ_
FNDA:4,_RNvMs4_NtCslOPH4Nvh9In_5rowan3apiINtB5_10SyntaxNodeNtCsiDGsGWlx1zJ_13s_expressions4LangE10text_rangeBP_
FNDA:13,_RNvMs4_NtCslOPH4Nvh9In_5rowan3apiINtB5_10SyntaxNodeNtCsiDGsGWlx1zJ_13s_expressions4LangE11first_tokenBP_
FNDA:8,_RNvMs4_NtCslOPH4Nvh9In_5rowan3apiINtB5_10SyntaxNodeNtCsiDGsGWlx1zJ_13s_expressions4LangE20children_with_tokensBP_
FNDA:0,_RNvMs4_NtCslOPH4Nvh9In_5rowan3apiINtB5_10SyntaxNodeNtCsiDGsGWlx1zJ_13s_expressions4LangE20preorder_with_tokensBP_
FNDA:30,_RNvMs4_NtCslOPH4Nvh9In_5rowan3apiINtB5_10SyntaxNodeNtCsiDGsGWlx1zJ_13s_expressions4LangE4kindBP_
FNDA:3,_RNvMs4_NtCslOPH4Nvh9In_5rowan3apiINtB5_10SyntaxNodeNtCsiDGsGWlx1zJ_13s_expressions4LangE8childrenBP_
FNDA:3,_RNvMs4_NtCslOPH4Nvh9In_5rowan3apiINtB5_10SyntaxNodeNtCsiDGsGWlx1zJ_13s_expressions4LangE8new_rootBP_
FNDA:4,_RNvMs5_NtCslOPH4Nvh9In_5rowan3apiINtB5_11SyntaxTokenNtCsiDGsGWlx1zJ_13s_expressions4LangE10text_rangeBQ_
FNDA:6,_RNvMs5_NtCslOPH4Nvh9In_5rowan3apiINtB5_11SyntaxTokenNtCsiDGsGWlx1zJ_13s_expressions4LangE4kindBQ_
FNDA:13,_RNvMs5_NtCslOPH4Nvh9In_5rowan3apiINtB5_11SyntaxTokenNtCsiDGsGWlx1zJ_13s_expressions4LangE4textBQ_
FNDA:1,_RNvXNtCslOPH4Nvh9In_5rowan3apiINtB2_10SyntaxNodeNtCsiDGsGWlx1zJ_13s_expressions4LangENtNtCsLngDfyB0US_4core3fmt5Debug3fmtBM_
FNDA:0,_RNvXs0_NtCslOPH4Nvh9In_5rowan3apiINtB5_11SyntaxTokenNtCsiDGsGWlx1zJ_13s_expressions4LangENtNtCsLngDfyB0US_4core3fmt5Debug3fmtBQ_
FNDA:5,_RNvXs7_NtCslOPH4Nvh9In_5rowan3apiINtB5_18SyntaxNodeChildrenNtCsiDGsGWlx1zJ_13s_expressions4LangENtNtNtNtCsLngDfyB0US_4core4iter6traits8iterator8Iterator4nextBX_
FNDA:46,_RNvXs9_NtCslOPH4Nvh9In_5rowan3apiINtB5_21SyntaxElementChildrenNtCsiDGsGWlx1zJ_13s_expressions4LangENtNtNtNtCsLngDfyB0US_4core4iter6traits8iterator8Iterator4nextB10_
FNDA:2,_RNvXs_NtCslOPH4Nvh9In_5rowan3apiINtB4_10SyntaxNodeNtCsiDGsGWlx1zJ_13s_expressions4LangENtNtCsLngDfyB0US_4core3fmt7Display3fmtBO_
FNDA:0,_RNvXse_NtCslOPH4Nvh9In_5rowan3apiINtB5_18PreorderWithTokensNtCsiDGsGWlx1zJ_13s_expressions4LangENtNtNtNtCsLngDfyB0US_4core4iter6traits8iterator8Iterator4nextBX_
FNDA:27,_RNvXsf_NtCslOPH4Nvh9In_5rowan3apiINtB5_10SyntaxNodeNtCsiDGsGWlx1zJ_13s_expressions4LangEINtNtCsLngDfyB0US_4core7convert4FromNtNtB7_6cursor10SyntaxNodeE4fromBP_
FNDA:37,_RNvXsh_NtCslOPH4Nvh9In_5rowan3apiINtB5_11SyntaxTokenNtCsiDGsGWlx1zJ_13s_expressions4LangEINtNtCsLngDfyB0US_4core7convert4FromNtNtB7_6cursor11SyntaxTokenE4fromBQ_
FNDA:7,_RNvMs6_NtCslOPH4Nvh9In_5rowan3apiINtNtB7_13utility_types11NodeOrTokenINtB5_10SyntaxNodeNtCsiDGsGWlx1zJ_13s_expressions4LangEINtB5_11SyntaxTokenB1n_EE10text_rangeB1p_
FNDA:7,_RNvMs6_NtCslOPH4Nvh9In_5rowan3apiINtNtB7_13utility_types11NodeOrTokenINtB5_10SyntaxNodeNtCsiDGsGWlx1zJ_13s_expressions4LangEINtB5_11SyntaxTokenB1n_EE4kindB1p_
FNDA:44,_RNvXsj_NtCslOPH4Nvh9In_5rowan3apiINtNtB7_13utility_types11NodeOrTokenINtB5_10SyntaxNodeNtCsiDGsGWlx1zJ_13s_expressions4LangEINtB5_11SyntaxTokenB1n_EEINtNtCsLngDfyB0US_4core7convert4FromIBw_NtNtB7_6cursor10SyntaxNodeNtB33_11SyntaxTokenEE4fromB1p_
FNF:91
FNH:21
DA:43,1
DA:44,1
DA:45,0
DA:46,0
DA:47,0
DA:48,0
DA:49,0
DA:50,0
DA:52,0
DA:53,0
DA:54,0
DA:56,0
DA:58,0
DA:61,0
DA:62,0
DA:64,1
DA:66,1
DA:70,5
DA:71,5
DA:72,5
DA:76,0
DA:77,0
DA:78,0
DA:79,0
DA:80,0
DA:81,0
DA:82,0
DA:83,0
DA:84,0
DA:85,0
DA:86,0
DA:88,0
DA:89,0
DA:93,0
DA:94,0
DA:95,0
DA:99,1
DA:100,1
DA:101,1
DA:105,0
DA:106,0
DA:107,0
DA:111,9
DA:112,9
DA:113,9
DA:114,0
DA:115,0
DA:116,0
DA:121,0
DA:122,0
DA:123,0
DA:125,43
DA:126,43
DA:127,43
DA:129,8
DA:130,8
DA:131,8
DA:133,0
DA:134,0
DA:135,0
DA:137,0
DA:138,0
DA:139,0
DA:141,0
DA:142,0
DA:143,0
DA:145,0
DA:146,0
DA:147,0
DA:149,0
DA:150,0
DA:151,0
DA:153,7
DA:154,7
DA:155,7
DA:156,7
DA:157,7
DA:158,7
DA:160,17
DA:161,17
DA:162,17
DA:163,17
DA:164,17
DA:165,17
DA:167,0
DA:168,0
DA:169,0
DA:171,0
DA:172,0
DA:173,0
DA:174,0
DA:175,0
DA:176,0
DA:178,0
DA:179,0
DA:180,0
DA:182,0
DA:183,0
DA:184,0
DA:186,0
DA:187,0
DA:188,0
DA:189,0
DA:190,0
DA:191,0
DA:193,0
DA:194,0
DA:195,0
DA:197,0
DA:198,0
DA:199,0
DA:201,0
DA:202,0
DA:203,0
DA:204,0
DA:205,0
DA:206,0
DA:208,0
DA:209,0
DA:210,0
DA:212,0
DA:213,0
DA:214,0
DA:216,0
DA:217,0
DA:218,0
DA:219,0
DA:220,0
DA:221,0
DA:223,0
DA:224,0
DA:225,0
DA:228,13
DA:229,13
DA:230,13
DA:232,0
DA:233,0
DA:234,0
DA:236,0
DA:237,0
DA:238,0
DA:240,0
DA:241,0
DA:242,0
DA:244,0
DA:245,0
DA:246,0
DA:248,0
DA:249,0
DA:250,0
DA:254,0
DA:255,0
DA:256,0
DA:257,0
DA:258,0
DA:259,0
DA:263,0
DA:264,0
DA:265,0
DA:266,0
DA:267,0
DA:268,0
DA:272,0
DA:273,0
DA:274,0
DA:280,0
DA:281,0
DA:282,0
DA:289,0
DA:290,0
DA:291,0
DA:297,0
DA:298,0
DA:299,0
DA:301,2
DA:302,2
DA:303,2
DA:305,3
DA:306,3
DA:307,3
DA:309,0
DA:310,0
DA:311,0
DA:313,0
DA:314,0
DA:315,0
DA:316,0
DA:323,0
DA:324,0
DA:325,0
DA:327,22
DA:328,22
DA:329,22
DA:331,6
DA:332,6
DA:333,6
DA:335,0
DA:336,0
DA:337,0
DA:339,29
DA:340,29
DA:341,29
DA:343,0
DA:344,0
DA:345,0
DA:347,0
DA:348,0
DA:349,0
DA:353,0
DA:354,0
DA:355,0
DA:358,0
DA:359,0
DA:360,0
DA:362,0
DA:363,0
DA:364,0
DA:365,0
DA:366,0
DA:367,0
DA:369,0
DA:370,0
DA:371,0
DA:374,0
DA:375,0
DA:376,0
DA:378,0
DA:379,0
DA:380,0
DA:382,0
DA:383,0
DA:384,0
DA:388,7
DA:389,7
DA:390,3
DA:391,4
DA:393,7
DA:395,0
DA:396,0
DA:397,0
DA:398,0
DA:400,0
DA:402,24
DA:403,24
DA:404,7
DA:405,17
DA:407,24
DA:409,0
DA:410,0
DA:411,0
DA:412,0
DA:414,0
DA:416,0
DA:417,0
DA:418,0
DA:419,0
DA:421,0
DA:422,0
DA:424,0
DA:425,0
DA:426,0
DA:427,0
DA:429,0
DA:430,0
DA:431,0
DA:432,0
DA:433,0
DA:435,0
DA:436,0
DA:437,0
DA:438,0
DA:439,0
DA:441,0
DA:452,9
DA:453,9
DA:454,9
DA:458,0
DA:459,0
DA:460,0
DA:461,0
DA:462,0
DA:463,0
DA:474,75
DA:475,75
DA:476,75
DA:480,0
DA:481,0
DA:482,0
DA:483,0
DA:484,0
DA:485,0
DA:495,0
DA:496,0
DA:497,0
DA:502,0
DA:503,0
DA:504,0
DA:514,0
DA:515,0
DA:516,0
DA:521,0
DA:522,0
DA:523,0
DA:527,44
DA:528,44
DA:529,44
DA:530,44
DA:531,44
DA:532,44
DA:536,0
DA:537,0
DA:538,0
DA:542,53
DA:543,53
DA:544,53
DA:545,53
DA:546,53
DA:547,53
DA:551,0
DA:552,0
DA:553,0
DA:557,65
DA:558,65
DA:559,25
DA:560,40
DA:562,65
DA:566,0
DA:567,0
DA:568,0
DA:569,0
DA:571,0
BRDA:44,0,0,0
BRDA:44,0,1,1
BRDA:78,0,0,-
BRDA:78,0,1,-
BRDA:83,0,0,-
BRDA:83,0,1,-
BRF:6
BRH:1
LF:339
LH:82
end_of_record
SF:/home/openai/strict-rs/strict-rowan/src/arc.rs
FN:252,_RINvXININtCs60bCMtosx4P_5rowan3arcsc_0pEINtB6_3ArcpENtNtCsLngDfyB0US_4core4hash4Hash4hashpEB8_
FN:473,_RINvXININtCs60bCMtosx4P_5rowan3arcso_0ppEINtB6_7ThinArcppENtNtCsLngDfyB0US_4core4hash4Hash4hashpEB8_
FN:99,_RNvMs3_NtCs60bCMtosx4P_5rowan3arcINtB5_3ArcpE6ptr_eqB7_
FN:216,_RNvXININtCs60bCMtosx4P_5rowan3arcs8_0pEINtB5_3ArcpENtNtCsLngDfyB0US_4core3cmp9PartialEq2eqB7_
FN:222,_RNvXININtCs60bCMtosx4P_5rowan3arcs9_0pEINtB5_3ArcpENtNtCsLngDfyB0US_4core3cmp10PartialOrd11partial_cmpB7_
FN:238,_RNvXININtCs60bCMtosx4P_5rowan3arcs9_0pEINtB5_3ArcpENtNtCsLngDfyB0US_4core3cmp10PartialOrd2geB7_
FN:234,_RNvXININtCs60bCMtosx4P_5rowan3arcs9_0pEINtB5_3ArcpENtNtCsLngDfyB0US_4core3cmp10PartialOrd2gtB7_
FN:230,_RNvXININtCs60bCMtosx4P_5rowan3arcs9_0pEINtB5_3ArcpENtNtCsLngDfyB0US_4core3cmp10PartialOrd2leB7_
FN:226,_RNvXININtCs60bCMtosx4P_5rowan3arcs9_0pEINtB5_3ArcpENtNtCsLngDfyB0US_4core3cmp10PartialOrd2ltB7_
FN:244,_RNvXININtCs60bCMtosx4P_5rowan3arcsa_0pEINtB5_3ArcpENtNtCsLngDfyB0US_4core3cmp3Ord3cmpB7_
FN:465,_RNvXININtCs60bCMtosx4P_5rowan3arcsm_0ppEINtB5_7ThinArcppENtNtCsLngDfyB0US_4core3cmp9PartialEq2eqB7_
FN:335,_RINvMsh_NtCs60bCMtosx4P_5rowan3arcINtB6_7ThinArcNtNtNtB8_5green4node13GreenNodeHeadNtBM_10GreenChildE20from_header_and_iterINtNtNtNtCsLngDfyB0US_4core4iter8adapters3map3MapIB1Y_INtNtB22_9enumerate9EnumerateNtBM_8ChildrenENCNvMs6_BM_NtBM_13GreenNodeData13replace_child0ENCINvMs8_BM_NtBM_9GreenNode3newB2K_E0EEB8_
FN:335,_RINvMsh_NtCs60bCMtosx4P_5rowan3arcINtB6_7ThinArcNtNtNtB8_5green4node13GreenNodeHeadNtBM_10GreenChildE20from_header_and_iterINtNtNtNtCsLngDfyB0US_4core4iter8adapters3map3MapIB1Y_INtNtNtB26_5slice4iter4IterReENCNvNtNtB8_6cursor5tests18mutable_token_root0ENCINvMs8_BM_NtBM_9GreenNode3newB2K_E0EEB8_
FN:335,_RINvMsh_NtCs60bCMtosx4P_5rowan3arcINtB6_7ThinArcNtNtNtB8_5green4node13GreenNodeHeadNtBM_10GreenChildE20from_header_and_iterINtNtNtNtCsLngDfyB0US_4core4iter8adapters3map3MapIB1Y_INtNtNtCskXykGpwWpmV_5alloc3vec5drain5DrainTyINtNtB8_13utility_types11NodeOrTokenNtBM_9GreenNodeNtNtBO_5token10GreenTokenEEENCNCNvMNtBO_10node_cacheNtB4W_9NodeCache4node00ENCINvMs8_BM_B48_3newB2K_E0EEB8_
FN:335,_RINvMsh_NtCs60bCMtosx4P_5rowan3arcINtB6_7ThinArcNtNtNtB8_5green4node13GreenNodeHeadNtBM_10GreenChildE20from_header_and_iterINtNtNtNtCsLngDfyB0US_4core4iter8adapters3map3MapINtNtNtCskXykGpwWpmV_5alloc3vec9into_iter8IntoIterINtNtB8_13utility_types11NodeOrTokenNtBM_9GreenNodeNtNtBO_5token10GreenTokenEENCINvMs8_BM_B48_3newINtB2P_3VecB3y_EE0EEB8_
FN:317,_RINvMsh_NtCs60bCMtosx4P_5rowan3arcINtB6_7ThinArcNtNtNtB8_5green4node13GreenNodeHeadNtBM_10GreenChildE8with_arcNCNvXsj_B6_Bw_NtNtCsLngDfyB0US_4core5clone5Clone5clone0Bw_EB8_
FN:335,_RINvMsh_NtCs60bCMtosx4P_5rowan3arcINtB6_7ThinArcNtNtNtB8_5green5token14GreenTokenHeadhE20from_header_and_iterNtNtNtCsLngDfyB0US_4core3str4iter5BytesEB8_
FN:317,_RINvMsh_NtCs60bCMtosx4P_5rowan3arcINtB6_7ThinArcNtNtNtB8_5green5token14GreenTokenHeadhE8with_arcNCNvXsj_B6_Bw_NtNtCsLngDfyB0US_4core5clone5Clone5clone0Bw_EB8_
FN:306,_RINvNtCs60bCMtosx4P_5rowan3arc13thin_to_thickNtNtNtB4_5green4node13GreenNodeHeadNtBJ_10GreenChildEB4_
FN:306,_RINvNtCs60bCMtosx4P_5rowan3arc13thin_to_thickNtNtNtB4_5green5token14GreenTokenHeadhEB4_
FN:419,_RNCNvXsj_NtCs60bCMtosx4P_5rowan3arcINtB7_7ThinArcNtNtNtB9_5green4node13GreenNodeHeadNtBN_10GreenChildENtNtCsLngDfyB0US_4core5clone5Clone5clone0B9_
FN:419,_RNCNvXsj_NtCs60bCMtosx4P_5rowan3arcINtB7_7ThinArcNtNtNtB9_5green5token14GreenTokenHeadhENtNtCsLngDfyB0US_4core5clone5Clone5clone0B9_
FN:63,_RNvMs2_NtCs60bCMtosx4P_5rowan3arcINtB5_3ArcINtB5_11HeaderSliceNtNtNtB7_5green4node13GreenNodeHeadANtB10_10GreenChildj0_EE8from_rawB7_
FN:63,_RNvMs2_NtCs60bCMtosx4P_5rowan3arcINtB5_3ArcINtB5_11HeaderSliceNtNtNtB7_5green5token14GreenTokenHeadAhj0_EE8from_rawB7_
FN:103,_RNvMs3_NtCs60bCMtosx4P_5rowan3arcINtB5_3ArcINtB5_11HeaderSliceNtNtNtB7_5green4node13GreenNodeHeadSNtB10_10GreenChildEE3ptrB7_
FN:78,_RNvMs3_NtCs60bCMtosx4P_5rowan3arcINtB5_3ArcINtB5_11HeaderSliceNtNtNtB7_5green4node13GreenNodeHeadSNtB10_10GreenChildEE5innerB7_
FN:90,_RNvMs3_NtCs60bCMtosx4P_5rowan3arcINtB5_3ArcINtB5_11HeaderSliceNtNtNtB7_5green4node13GreenNodeHeadSNtB10_10GreenChildEE9drop_slowB7_
FN:103,_RNvMs3_NtCs60bCMtosx4P_5rowan3arcINtB5_3ArcINtB5_11HeaderSliceNtNtNtB7_5green5token14GreenTokenHeadShEE3ptrB7_
FN:78,_RNvMs3_NtCs60bCMtosx4P_5rowan3arcINtB5_3ArcINtB5_11HeaderSliceNtNtNtB7_5green5token14GreenTokenHeadShEE5innerB7_
FN:90,_RNvMs3_NtCs60bCMtosx4P_5rowan3arcINtB5_3ArcINtB5_11HeaderSliceNtNtNtB7_5green5token14GreenTokenHeadShEE9drop_slowB7_
FN:158,_RNvMs6_NtCs60bCMtosx4P_5rowan3arcINtB5_3ArcINtB5_11HeaderSliceNtNtNtB7_5green4node13GreenNodeHeadSNtB10_10GreenChildEE7get_mutB7_
FN:170,_RNvMs6_NtCs60bCMtosx4P_5rowan3arcINtB5_3ArcINtB5_11HeaderSliceNtNtNtB7_5green4node13GreenNodeHeadSNtB10_10GreenChildEE9is_uniqueB7_
FN:266,_RNvMsd_NtCs60bCMtosx4P_5rowan3arcINtB5_11HeaderSliceNtNtNtB7_5green4node13GreenNodeHeadSNtBQ_10GreenChildE5sliceB7_
FN:266,_RNvMsd_NtCs60bCMtosx4P_5rowan3arcINtB5_11HeaderSliceNtNtNtB7_5green5token14GreenTokenHeadShE5sliceB7_
FN:451,_RNvMsl_NtCs60bCMtosx4P_5rowan3arcINtB5_3ArcINtB5_11HeaderSliceNtNtNtB7_5green4node13GreenNodeHeadSNtB10_10GreenChildEE9from_thinB7_
FN:437,_RNvMsl_NtCs60bCMtosx4P_5rowan3arcINtB5_3ArcINtB5_11HeaderSliceNtNtNtB7_5green4node13GreenNodeHeadSNtB10_10GreenChildEE9into_thinB7_
FN:451,_RNvMsl_NtCs60bCMtosx4P_5rowan3arcINtB5_3ArcINtB5_11HeaderSliceNtNtNtB7_5green5token14GreenTokenHeadShEE9from_thinB7_
FN:437,_RNvMsl_NtCs60bCMtosx4P_5rowan3arcINtB5_3ArcINtB5_11HeaderSliceNtNtNtB7_5green5token14GreenTokenHeadShEE9into_thinB7_
FN:110,_RNvXs4_NtCs60bCMtosx4P_5rowan3arcINtB5_3ArcINtB5_11HeaderSliceNtNtNtB7_5green4node13GreenNodeHeadSNtB10_10GreenChildEENtNtCsLngDfyB0US_4core5clone5Clone5cloneB7_
FN:110,_RNvXs4_NtCs60bCMtosx4P_5rowan3arcINtB5_3ArcINtB5_11HeaderSliceNtNtNtB7_5green5token14GreenTokenHeadShEENtNtCsLngDfyB0US_4core5clone5Clone5cloneB7_
FN:150,_RNvXs5_NtCs60bCMtosx4P_5rowan3arcINtB5_3ArcINtB5_11HeaderSliceNtNtNtB7_5green4node13GreenNodeHeadSNtB10_10GreenChildEENtNtNtCsLngDfyB0US_4core3ops5deref5Deref5derefB7_
FN:150,_RNvXs5_NtCs60bCMtosx4P_5rowan3arcINtB5_3ArcINtB5_11HeaderSliceNtNtNtB7_5green5token14GreenTokenHeadShEENtNtNtCsLngDfyB0US_4core3ops5deref5Deref5derefB7_
FN:274,_RNvXse_NtCs60bCMtosx4P_5rowan3arcINtB5_11HeaderSliceNtNtNtB7_5green4node13GreenNodeHeadANtBQ_10GreenChildj0_ENtNtNtCsLngDfyB0US_4core3ops5deref5Deref5derefB7_
FN:274,_RNvXse_NtCs60bCMtosx4P_5rowan3arcINtB5_11HeaderSliceNtNtNtB7_5green5token14GreenTokenHeadAhj0_ENtNtNtCsLngDfyB0US_4core3ops5deref5Deref5derefB7_
FN:411,_RNvXsi_NtCs60bCMtosx4P_5rowan3arcINtB5_7ThinArcNtNtNtB7_5green4node13GreenNodeHeadNtBL_10GreenChildENtNtNtCsLngDfyB0US_4core3ops5deref5Deref5derefB7_
FN:411,_RNvXsi_NtCs60bCMtosx4P_5rowan3arcINtB5_7ThinArcNtNtNtB7_5green5token14GreenTokenHeadhENtNtNtCsLngDfyB0US_4core3ops5deref5Deref5derefB7_
FN:418,_RNvXsj_NtCs60bCMtosx4P_5rowan3arcINtB5_7ThinArcNtNtNtB7_5green4node13GreenNodeHeadNtBL_10GreenChildENtNtCsLngDfyB0US_4core5clone5Clone5cloneB7_
FN:418,_RNvXsj_NtCs60bCMtosx4P_5rowan3arcINtB5_7ThinArcNtNtNtB7_5green5token14GreenTokenHeadhENtNtCsLngDfyB0US_4core5clone5Clone5cloneB7_
FN:180,_RNvXs7_NtCs60bCMtosx4P_5rowan3arcINtB5_3ArcINtB5_11HeaderSliceNtNtNtB7_5green4node13GreenNodeHeadSNtB10_10GreenChildEENtNtNtCsLngDfyB0US_4core3ops4drop4Drop4dropB7_
FN:180,_RNvXs7_NtCs60bCMtosx4P_5rowan3arcINtB5_3ArcINtB5_11HeaderSliceNtNtNtB7_5green5token14GreenTokenHeadShEENtNtNtCsLngDfyB0US_4core3ops4drop4Drop4dropB7_
FN:425,_RNvXsk_NtCs60bCMtosx4P_5rowan3arcINtB5_7ThinArcNtNtNtB7_5green4node13GreenNodeHeadNtBL_10GreenChildENtNtNtCsLngDfyB0US_4core3ops4drop4Drop4dropB7_
FN:425,_RNvXsk_NtCs60bCMtosx4P_5rowan3arcINtB5_7ThinArcNtNtNtB7_5green5token14GreenTokenHeadhENtNtNtCsLngDfyB0US_4core3ops4drop4Drop4dropB7_
FN:335,_RINvMsh_NtCslOPH4Nvh9In_5rowan3arcINtB6_7ThinArcNtNtNtB8_5green4node13GreenNodeHeadNtBM_10GreenChildE20from_header_and_iterINtNtNtNtCsLngDfyB0US_4core4iter8adapters3map3MapIB1Y_INtNtB22_9enumerate9EnumerateNtBM_8ChildrenENCNvMs6_BM_NtBM_13GreenNodeData13replace_child0ENCINvMs8_BM_NtBM_9GreenNode3newB2K_E0EEB8_
FN:335,_RINvMsh_NtCslOPH4Nvh9In_5rowan3arcINtB6_7ThinArcNtNtNtB8_5green4node13GreenNodeHeadNtBM_10GreenChildE20from_header_and_iterINtNtNtNtCsLngDfyB0US_4core4iter8adapters3map3MapIB1Y_INtNtNtCskXykGpwWpmV_5alloc3vec5drain5DrainTyINtNtB8_13utility_types11NodeOrTokenNtBM_9GreenNodeNtNtBO_5token10GreenTokenEEENCNCNvMNtBO_10node_cacheNtB4W_9NodeCache4node00ENCINvMs8_BM_B48_3newB2K_E0EEB8_
FN:335,_RINvMsh_NtCslOPH4Nvh9In_5rowan3arcINtB6_7ThinArcNtNtNtB8_5green4node13GreenNodeHeadNtBM_10GreenChildE20from_header_and_iterINtNtNtNtCsLngDfyB0US_4core4iter8adapters3map3MapINtNtNtCskXykGpwWpmV_5alloc3vec9into_iter8IntoIterINtNtB8_13utility_types11NodeOrTokenNtBM_9GreenNodeNtNtBO_5token10GreenTokenEENCINvMs8_BM_B48_3newINtB2P_3VecB3y_EE0EEB8_
FN:317,_RINvMsh_NtCslOPH4Nvh9In_5rowan3arcINtB6_7ThinArcNtNtNtB8_5green4node13GreenNodeHeadNtBM_10GreenChildE8with_arcNCNvXsj_B6_Bw_NtNtCsLngDfyB0US_4core5clone5Clone5clone0Bw_EB8_
FN:335,_RINvMsh_NtCslOPH4Nvh9In_5rowan3arcINtB6_7ThinArcNtNtNtB8_5green5token14GreenTokenHeadhE20from_header_and_iterNtNtNtCsLngDfyB0US_4core3str4iter5BytesEB8_
FN:317,_RINvMsh_NtCslOPH4Nvh9In_5rowan3arcINtB6_7ThinArcNtNtNtB8_5green5token14GreenTokenHeadhE8with_arcNCNvXsj_B6_Bw_NtNtCsLngDfyB0US_4core5clone5Clone5clone0Bw_EB8_
FN:306,_RINvNtCslOPH4Nvh9In_5rowan3arc13thin_to_thickNtNtNtB4_5green4node13GreenNodeHeadNtBJ_10GreenChildEB4_
FN:306,_RINvNtCslOPH4Nvh9In_5rowan3arc13thin_to_thickNtNtNtB4_5green5token14GreenTokenHeadhEB4_
FN:419,_RNCNvXsj_NtCslOPH4Nvh9In_5rowan3arcINtB7_7ThinArcNtNtNtB9_5green4node13GreenNodeHeadNtBN_10GreenChildENtNtCsLngDfyB0US_4core5clone5Clone5clone0B9_
FN:419,_RNCNvXsj_NtCslOPH4Nvh9In_5rowan3arcINtB7_7ThinArcNtNtNtB9_5green5token14GreenTokenHeadhENtNtCsLngDfyB0US_4core5clone5Clone5clone0B9_
FN:63,_RNvMs2_NtCslOPH4Nvh9In_5rowan3arcINtB5_3ArcINtB5_11HeaderSliceNtNtNtB7_5green4node13GreenNodeHeadANtB10_10GreenChildj0_EE8from_rawB7_
FN:63,_RNvMs2_NtCslOPH4Nvh9In_5rowan3arcINtB5_3ArcINtB5_11HeaderSliceNtNtNtB7_5green5token14GreenTokenHeadAhj0_EE8from_rawB7_
FN:103,_RNvMs3_NtCslOPH4Nvh9In_5rowan3arcINtB5_3ArcINtB5_11HeaderSliceNtNtNtB7_5green4node13GreenNodeHeadSNtB10_10GreenChildEE3ptrB7_
FN:78,_RNvMs3_NtCslOPH4Nvh9In_5rowan3arcINtB5_3ArcINtB5_11HeaderSliceNtNtNtB7_5green4node13GreenNodeHeadSNtB10_10GreenChildEE5innerB7_
FN:90,_RNvMs3_NtCslOPH4Nvh9In_5rowan3arcINtB5_3ArcINtB5_11HeaderSliceNtNtNtB7_5green4node13GreenNodeHeadSNtB10_10GreenChildEE9drop_slowB7_
FN:103,_RNvMs3_NtCslOPH4Nvh9In_5rowan3arcINtB5_3ArcINtB5_11HeaderSliceNtNtNtB7_5green5token14GreenTokenHeadShEE3ptrB7_
FN:78,_RNvMs3_NtCslOPH4Nvh9In_5rowan3arcINtB5_3ArcINtB5_11HeaderSliceNtNtNtB7_5green5token14GreenTokenHeadShEE5innerB7_
FN:90,_RNvMs3_NtCslOPH4Nvh9In_5rowan3arcINtB5_3ArcINtB5_11HeaderSliceNtNtNtB7_5green5token14GreenTokenHeadShEE9drop_slowB7_
FN:158,_RNvMs6_NtCslOPH4Nvh9In_5rowan3arcINtB5_3ArcINtB5_11HeaderSliceNtNtNtB7_5green4node13GreenNodeHeadSNtB10_10GreenChildEE7get_mutB7_
FN:170,_RNvMs6_NtCslOPH4Nvh9In_5rowan3arcINtB5_3ArcINtB5_11HeaderSliceNtNtNtB7_5green4node13GreenNodeHeadSNtB10_10GreenChildEE9is_uniqueB7_
FN:266,_RNvMsd_NtCslOPH4Nvh9In_5rowan3arcINtB5_11HeaderSliceNtNtNtB7_5green4node13GreenNodeHeadSNtBQ_10GreenChildE5sliceB7_
FN:266,_RNvMsd_NtCslOPH4Nvh9In_5rowan3arcINtB5_11HeaderSliceNtNtNtB7_5green5token14GreenTokenHeadShE5sliceB7_
FN:451,_RNvMsl_NtCslOPH4Nvh9In_5rowan3arcINtB5_3ArcINtB5_11HeaderSliceNtNtNtB7_5green4node13GreenNodeHeadSNtB10_10GreenChildEE9from_thinB7_
FN:437,_RNvMsl_NtCslOPH4Nvh9In_5rowan3arcINtB5_3ArcINtB5_11HeaderSliceNtNtNtB7_5green4node13GreenNodeHeadSNtB10_10GreenChildEE9into_thinB7_
FN:451,_RNvMsl_NtCslOPH4Nvh9In_5rowan3arcINtB5_3ArcINtB5_11HeaderSliceNtNtNtB7_5green5token14GreenTokenHeadShEE9from_thinB7_
FN:437,_RNvMsl_NtCslOPH4Nvh9In_5rowan3arcINtB5_3ArcINtB5_11HeaderSliceNtNtNtB7_5green5token14GreenTokenHeadShEE9into_thinB7_
FN:110,_RNvXs4_NtCslOPH4Nvh9In_5rowan3arcINtB5_3ArcINtB5_11HeaderSliceNtNtNtB7_5green4node13GreenNodeHeadSNtB10_10GreenChildEENtNtCsLngDfyB0US_4core5clone5Clone5cloneB7_
FN:110,_RNvXs4_NtCslOPH4Nvh9In_5rowan3arcINtB5_3ArcINtB5_11HeaderSliceNtNtNtB7_5green5token14GreenTokenHeadShEENtNtCsLngDfyB0US_4core5clone5Clone5cloneB7_
FN:150,_RNvXs5_NtCslOPH4Nvh9In_5rowan3arcINtB5_3ArcINtB5_11HeaderSliceNtNtNtB7_5green4node13GreenNodeHeadSNtB10_10GreenChildEENtNtNtCsLngDfyB0US_4core3ops5deref5Deref5derefB7_
FN:150,_RNvXs5_NtCslOPH4Nvh9In_5rowan3arcINtB5_3ArcINtB5_11HeaderSliceNtNtNtB7_5green5token14GreenTokenHeadShEENtNtNtCsLngDfyB0US_4core3ops5deref5Deref5derefB7_
FN:274,_RNvXse_NtCslOPH4Nvh9In_5rowan3arcINtB5_11HeaderSliceNtNtNtB7_5green4node13GreenNodeHeadANtBQ_10GreenChildj0_ENtNtNtCsLngDfyB0US_4core3ops5deref5Deref5derefB7_
FN:274,_RNvXse_NtCslOPH4Nvh9In_5rowan3arcINtB5_11HeaderSliceNtNtNtB7_5green5token14GreenTokenHeadAhj0_ENtNtNtCsLngDfyB0US_4core3ops5deref5Deref5derefB7_
FN:411,_RNvXsi_NtCslOPH4Nvh9In_5rowan3arcINtB5_7ThinArcNtNtNtB7_5green4node13GreenNodeHeadNtBL_10GreenChildENtNtNtCsLngDfyB0US_4core3ops5deref5Deref5derefB7_
FN:411,_RNvXsi_NtCslOPH4Nvh9In_5rowan3arcINtB5_7ThinArcNtNtNtB7_5green5token14GreenTokenHeadhENtNtNtCsLngDfyB0US_4core3ops5deref5Deref5derefB7_
FN:418,_RNvXsj_NtCslOPH4Nvh9In_5rowan3arcINtB5_7ThinArcNtNtNtB7_5green4node13GreenNodeHeadNtBL_10GreenChildENtNtCsLngDfyB0US_4core5clone5Clone5cloneB7_
FN:418,_RNvXsj_NtCslOPH4Nvh9In_5rowan3arcINtB5_7ThinArcNtNtNtB7_5green5token14GreenTokenHeadhENtNtCsLngDfyB0US_4core5clone5Clone5cloneB7_
FN:465,_RNvXsm_NtCslOPH4Nvh9In_5rowan3arcINtB5_7ThinArcNtNtNtB7_5green4node13GreenNodeHeadNtBL_10GreenChildENtNtCsLngDfyB0US_4core3cmp9PartialEq2eqB7_
FN:465,_RNvXsm_NtCslOPH4Nvh9In_5rowan3arcINtB5_7ThinArcNtNtNtB7_5green5token14GreenTokenHeadhENtNtCsLngDfyB0US_4core3cmp9PartialEq2eqB7_
FN:180,_RNvXs7_NtCslOPH4Nvh9In_5rowan3arcINtB5_3ArcINtB5_11HeaderSliceNtNtNtB7_5green4node13GreenNodeHeadSNtB10_10GreenChildEENtNtNtCsLngDfyB0US_4core3ops4drop4Drop4dropB7_
FN:180,_RNvXs7_NtCslOPH4Nvh9In_5rowan3arcINtB5_3ArcINtB5_11HeaderSliceNtNtNtB7_5green5token14GreenTokenHeadShEENtNtNtCsLngDfyB0US_4core3ops4drop4Drop4dropB7_
FN:425,_RNvXsk_NtCslOPH4Nvh9In_5rowan3arcINtB5_7ThinArcNtNtNtB7_5green4node13GreenNodeHeadNtBL_10GreenChildENtNtNtCsLngDfyB0US_4core3ops4drop4Drop4dropB7_
FN:425,_RNvXsk_NtCslOPH4Nvh9In_5rowan3arcINtB5_7ThinArcNtNtNtB7_5green5token14GreenTokenHeadhENtNtNtCsLngDfyB0US_4core3ops4drop4Drop4dropB7_
FNDA:0,_RINvXININtCs60bCMtosx4P_5rowan3arcsc_0pEINtB6_3ArcpENtNtCsLngDfyB0US_4core4hash4Hash4hashpEB8_
FNDA:0,_RINvXININtCs60bCMtosx4P_5rowan3arcso_0ppEINtB6_7ThinArcppENtNtCsLngDfyB0US_4core4hash4Hash4hashpEB8_
FNDA:0,_RNvMs3_NtCs60bCMtosx4P_5rowan3arcINtB5_3ArcpE6ptr_eqB7_
FNDA:0,_RNvXININtCs60bCMtosx4P_5rowan3arcs8_0pEINtB5_3ArcpENtNtCsLngDfyB0US_4core3cmp9PartialEq2eqB7_
FNDA:0,_RNvXININtCs60bCMtosx4P_5rowan3arcs9_0pEINtB5_3ArcpENtNtCsLngDfyB0US_4core3cmp10PartialOrd11partial_cmpB7_
FNDA:0,_RNvXININtCs60bCMtosx4P_5rowan3arcs9_0pEINtB5_3ArcpENtNtCsLngDfyB0US_4core3cmp10PartialOrd2geB7_
FNDA:0,_RNvXININtCs60bCMtosx4P_5rowan3arcs9_0pEINtB5_3ArcpENtNtCsLngDfyB0US_4core3cmp10PartialOrd2gtB7_
FNDA:0,_RNvXININtCs60bCMtosx4P_5rowan3arcs9_0pEINtB5_3ArcpENtNtCsLngDfyB0US_4core3cmp10PartialOrd2leB7_
FNDA:0,_RNvXININtCs60bCMtosx4P_5rowan3arcs9_0pEINtB5_3ArcpENtNtCsLngDfyB0US_4core3cmp10PartialOrd2ltB7_
FNDA:0,_RNvXININtCs60bCMtosx4P_5rowan3arcsa_0pEINtB5_3ArcpENtNtCsLngDfyB0US_4core3cmp3Ord3cmpB7_
FNDA:0,_RNvXININtCs60bCMtosx4P_5rowan3arcsm_0ppEINtB5_7ThinArcppENtNtCsLngDfyB0US_4core3cmp9PartialEq2eqB7_
FNDA:0,_RINvMsh_NtCs60bCMtosx4P_5rowan3arcINtB6_7ThinArcNtNtNtB8_5green4node13GreenNodeHeadNtBM_10GreenChildE20from_header_and_iterINtNtNtNtCsLngDfyB0US_4core4iter8adapters3map3MapIB1Y_INtNtB22_9enumerate9EnumerateNtBM_8ChildrenENCNvMs6_BM_NtBM_13GreenNodeData13replace_child0ENCINvMs8_BM_NtBM_9GreenNode3newB2K_E0EEB8_
FNDA:3,_RINvMsh_NtCs60bCMtosx4P_5rowan3arcINtB6_7ThinArcNtNtNtB8_5green4node13GreenNodeHeadNtBM_10GreenChildE20from_header_and_iterINtNtNtNtCsLngDfyB0US_4core4iter8adapters3map3MapIB1Y_INtNtNtB26_5slice4iter4IterReENCNvNtNtB8_6cursor5tests18mutable_token_root0ENCINvMs8_BM_NtBM_9GreenNode3newB2K_E0EEB8_
FNDA:55,_RINvMsh_NtCs60bCMtosx4P_5rowan3arcINtB6_7ThinArcNtNtNtB8_5green4node13GreenNodeHeadNtBM_10GreenChildE20from_header_and_iterINtNtNtNtCsLngDfyB0US_4core4iter8adapters3map3MapIB1Y_INtNtNtCskXykGpwWpmV_5alloc3vec5drain5DrainTyINtNtB8_13utility_types11NodeOrTokenNtBM_9GreenNodeNtNtBO_5token10GreenTokenEEENCNCNvMNtBO_10node_cacheNtB4W_9NodeCache4node00ENCINvMs8_BM_B48_3newB2K_E0EEB8_
FNDA:7,_RINvMsh_NtCs60bCMtosx4P_5rowan3arcINtB6_7ThinArcNtNtNtB8_5green4node13GreenNodeHeadNtBM_10GreenChildE20from_header_and_iterINtNtNtNtCsLngDfyB0US_4core4iter8adapters3map3MapINtNtNtCskXykGpwWpmV_5alloc3vec9into_iter8IntoIterINtNtB8_13utility_types11NodeOrTokenNtBM_9GreenNodeNtNtBO_5token10GreenTokenEENCINvMs8_BM_B48_3newINtB2P_3VecB3y_EE0EEB8_
FNDA:51,_RINvMsh_NtCs60bCMtosx4P_5rowan3arcINtB6_7ThinArcNtNtNtB8_5green4node13GreenNodeHeadNtBM_10GreenChildE8with_arcNCNvXsj_B6_Bw_NtNtCsLngDfyB0US_4core5clone5Clone5clone0Bw_EB8_
FNDA:113,_RINvMsh_NtCs60bCMtosx4P_5rowan3arcINtB6_7ThinArcNtNtNtB8_5green5token14GreenTokenHeadhE20from_header_and_iterNtNtNtCsLngDfyB0US_4core3str4iter5BytesEB8_
FNDA:140,_RINvMsh_NtCs60bCMtosx4P_5rowan3arcINtB6_7ThinArcNtNtNtB8_5green5token14GreenTokenHeadhE8with_arcNCNvXsj_B6_Bw_NtNtCsLngDfyB0US_4core5clone5Clone5clone0Bw_EB8_
FNDA:311,_RINvNtCs60bCMtosx4P_5rowan3arc13thin_to_thickNtNtNtB4_5green4node13GreenNodeHeadNtBJ_10GreenChildEB4_
FNDA:890,_RINvNtCs60bCMtosx4P_5rowan3arc13thin_to_thickNtNtNtB4_5green5token14GreenTokenHeadhEB4_
FNDA:51,_RNCNvXsj_NtCs60bCMtosx4P_5rowan3arcINtB7_7ThinArcNtNtNtB9_5green4node13GreenNodeHeadNtBN_10GreenChildENtNtCsLngDfyB0US_4core5clone5Clone5clone0B9_
FNDA:140,_RNCNvXsj_NtCs60bCMtosx4P_5rowan3arcINtB7_7ThinArcNtNtNtB9_5green5token14GreenTokenHeadhENtNtCsLngDfyB0US_4core5clone5Clone5clone0B9_
FNDA:61,_RNvMs2_NtCs60bCMtosx4P_5rowan3arcINtB5_3ArcINtB5_11HeaderSliceNtNtNtB7_5green4node13GreenNodeHeadANtB10_10GreenChildj0_EE8from_rawB7_
FNDA:26,_RNvMs2_NtCs60bCMtosx4P_5rowan3arcINtB5_3ArcINtB5_11HeaderSliceNtNtNtB7_5green5token14GreenTokenHeadAhj0_EE8from_rawB7_
FNDA:826,_RNvMs3_NtCs60bCMtosx4P_5rowan3arcINtB5_3ArcINtB5_11HeaderSliceNtNtNtB7_5green4node13GreenNodeHeadSNtB10_10GreenChildEE3ptrB7_
FNDA:529,_RNvMs3_NtCs60bCMtosx4P_5rowan3arcINtB5_3ArcINtB5_11HeaderSliceNtNtNtB7_5green4node13GreenNodeHeadSNtB10_10GreenChildEE5innerB7_
FNDA:65,_RNvMs3_NtCs60bCMtosx4P_5rowan3arcINtB5_3ArcINtB5_11HeaderSliceNtNtNtB7_5green4node13GreenNodeHeadSNtB10_10GreenChildEE9drop_slowB7_
FNDA:1179,_RNvMs3_NtCs60bCMtosx4P_5rowan3arcINtB5_3ArcINtB5_11HeaderSliceNtNtNtB7_5green5token14GreenTokenHeadShEE3ptrB7_
FNDA:786,_RNvMs3_NtCs60bCMtosx4P_5rowan3arcINtB5_3ArcINtB5_11HeaderSliceNtNtNtB7_5green5token14GreenTokenHeadShEE5innerB7_
FNDA:113,_RNvMs3_NtCs60bCMtosx4P_5rowan3arcINtB5_3ArcINtB5_11HeaderSliceNtNtNtB7_5green5token14GreenTokenHeadShEE9drop_slowB7_
FNDA:65,_RNvMs6_NtCs60bCMtosx4P_5rowan3arcINtB5_3ArcINtB5_11HeaderSliceNtNtNtB7_5green4node13GreenNodeHeadSNtB10_10GreenChildEE7get_mutB7_
FNDA:65,_RNvMs6_NtCs60bCMtosx4P_5rowan3arcINtB5_3ArcINtB5_11HeaderSliceNtNtNtB7_5green4node13GreenNodeHeadSNtB10_10GreenChildEE9is_uniqueB7_
FNDA:402,_RNvMsd_NtCs60bCMtosx4P_5rowan3arcINtB5_11HeaderSliceNtNtNtB7_5green4node13GreenNodeHeadSNtBQ_10GreenChildE5sliceB7_
FNDA:697,_RNvMsd_NtCs60bCMtosx4P_5rowan3arcINtB5_11HeaderSliceNtNtNtB7_5green5token14GreenTokenHeadShE5sliceB7_
FNDA:181,_RNvMsl_NtCs60bCMtosx4P_5rowan3arcINtB5_3ArcINtB5_11HeaderSliceNtNtNtB7_5green4node13GreenNodeHeadSNtB10_10GreenChildEE9from_thinB7_
FNDA:116,_RNvMsl_NtCs60bCMtosx4P_5rowan3arcINtB5_3ArcINtB5_11HeaderSliceNtNtNtB7_5green4node13GreenNodeHeadSNtB10_10GreenChildEE9into_thinB7_
FNDA:253,_RNvMsl_NtCs60bCMtosx4P_5rowan3arcINtB5_3ArcINtB5_11HeaderSliceNtNtNtB7_5green5token14GreenTokenHeadShEE9from_thinB7_
FNDA:140,_RNvMsl_NtCs60bCMtosx4P_5rowan3arcINtB5_3ArcINtB5_11HeaderSliceNtNtNtB7_5green5token14GreenTokenHeadShEE9into_thinB7_
FNDA:51,_RNvXs4_NtCs60bCMtosx4P_5rowan3arcINtB5_3ArcINtB5_11HeaderSliceNtNtNtB7_5green4node13GreenNodeHeadSNtB10_10GreenChildEENtNtCsLngDfyB0US_4core5clone5Clone5cloneB7_
FNDA:140,_RNvXs4_NtCs60bCMtosx4P_5rowan3arcINtB5_3ArcINtB5_11HeaderSliceNtNtNtB7_5green5token14GreenTokenHeadShEENtNtCsLngDfyB0US_4core5clone5Clone5cloneB7_
FNDA:232,_RNvXs5_NtCs60bCMtosx4P_5rowan3arcINtB5_3ArcINtB5_11HeaderSliceNtNtNtB7_5green4node13GreenNodeHeadSNtB10_10GreenChildEENtNtNtCsLngDfyB0US_4core3ops5deref5Deref5derefB7_
FNDA:280,_RNvXs5_NtCs60bCMtosx4P_5rowan3arcINtB5_3ArcINtB5_11HeaderSliceNtNtNtB7_5green5token14GreenTokenHeadShEENtNtNtCsLngDfyB0US_4core3ops5deref5Deref5derefB7_
FNDA:402,_RNvXse_NtCs60bCMtosx4P_5rowan3arcINtB5_11HeaderSliceNtNtNtB7_5green4node13GreenNodeHeadANtBQ_10GreenChildj0_ENtNtNtCsLngDfyB0US_4core3ops5deref5Deref5derefB7_
FNDA:697,_RNvXse_NtCs60bCMtosx4P_5rowan3arcINtB5_11HeaderSliceNtNtNtB7_5green5token14GreenTokenHeadAhj0_ENtNtNtCsLngDfyB0US_4core3ops5deref5Deref5derefB7_
FNDA:79,_RNvXsi_NtCs60bCMtosx4P_5rowan3arcINtB5_7ThinArcNtNtNtB7_5green4node13GreenNodeHeadNtBL_10GreenChildENtNtNtCsLngDfyB0US_4core3ops5deref5Deref5derefB7_
FNDA:497,_RNvXsi_NtCs60bCMtosx4P_5rowan3arcINtB5_7ThinArcNtNtNtB7_5green5token14GreenTokenHeadhENtNtNtCsLngDfyB0US_4core3ops5deref5Deref5derefB7_
FNDA:51,_RNvXsj_NtCs60bCMtosx4P_5rowan3arcINtB5_7ThinArcNtNtNtB7_5green4node13GreenNodeHeadNtBL_10GreenChildENtNtCsLngDfyB0US_4core5clone5Clone5cloneB7_
FNDA:140,_RNvXsj_NtCs60bCMtosx4P_5rowan3arcINtB5_7ThinArcNtNtNtB7_5green5token14GreenTokenHeadhENtNtCsLngDfyB0US_4core5clone5Clone5cloneB7_
FNDA:116,_RNvXs7_NtCs60bCMtosx4P_5rowan3arcINtB5_3ArcINtB5_11HeaderSliceNtNtNtB7_5green4node13GreenNodeHeadSNtB10_10GreenChildEENtNtNtCsLngDfyB0US_4core3ops4drop4Drop4dropB7_
FNDA:253,_RNvXs7_NtCs60bCMtosx4P_5rowan3arcINtB5_3ArcINtB5_11HeaderSliceNtNtNtB7_5green5token14GreenTokenHeadShEENtNtNtCsLngDfyB0US_4core3ops4drop4Drop4dropB7_
FNDA:116,_RNvXsk_NtCs60bCMtosx4P_5rowan3arcINtB5_7ThinArcNtNtNtB7_5green4node13GreenNodeHeadNtBL_10GreenChildENtNtNtCsLngDfyB0US_4core3ops4drop4Drop4dropB7_
FNDA:253,_RNvXsk_NtCs60bCMtosx4P_5rowan3arcINtB5_7ThinArcNtNtNtB7_5green5token14GreenTokenHeadhENtNtNtCsLngDfyB0US_4core3ops4drop4Drop4dropB7_
FNDA:0,_RINvMsh_NtCslOPH4Nvh9In_5rowan3arcINtB6_7ThinArcNtNtNtB8_5green4node13GreenNodeHeadNtBM_10GreenChildE20from_header_and_iterINtNtNtNtCsLngDfyB0US_4core4iter8adapters3map3MapIB1Y_INtNtB22_9enumerate9EnumerateNtBM_8ChildrenENCNvMs6_BM_NtBM_13GreenNodeData13replace_child0ENCINvMs8_BM_NtBM_9GreenNode3newB2K_E0EEB8_
FNDA:36,_RINvMsh_NtCslOPH4Nvh9In_5rowan3arcINtB6_7ThinArcNtNtNtB8_5green4node13GreenNodeHeadNtBM_10GreenChildE20from_header_and_iterINtNtNtNtCsLngDfyB0US_4core4iter8adapters3map3MapIB1Y_INtNtNtCskXykGpwWpmV_5alloc3vec5drain5DrainTyINtNtB8_13utility_types11NodeOrTokenNtBM_9GreenNodeNtNtBO_5token10GreenTokenEEENCNCNvMNtBO_10node_cacheNtB4W_9NodeCache4node00ENCINvMs8_BM_B48_3newB2K_E0EEB8_
FNDA:0,_RINvMsh_NtCslOPH4Nvh9In_5rowan3arcINtB6_7ThinArcNtNtNtB8_5green4node13GreenNodeHeadNtBM_10GreenChildE20from_header_and_iterINtNtNtNtCsLngDfyB0US_4core4iter8adapters3map3MapINtNtNtCskXykGpwWpmV_5alloc3vec9into_iter8IntoIterINtNtB8_13utility_types11NodeOrTokenNtBM_9GreenNodeNtNtBO_5token10GreenTokenEENCINvMs8_BM_B48_3newINtB2P_3VecB3y_EE0EEB8_
FNDA:30,_RINvMsh_NtCslOPH4Nvh9In_5rowan3arcINtB6_7ThinArcNtNtNtB8_5green4node13GreenNodeHeadNtBM_10GreenChildE8with_arcNCNvXsj_B6_Bw_NtNtCsLngDfyB0US_4core5clone5Clone5clone0Bw_EB8_
FNDA:35,_RINvMsh_NtCslOPH4Nvh9In_5rowan3arcINtB6_7ThinArcNtNtNtB8_5green5token14GreenTokenHeadhE20from_header_and_iterNtNtNtCsLngDfyB0US_4core3str4iter5BytesEB8_
FNDA:67,_RINvMsh_NtCslOPH4Nvh9In_5rowan3arcINtB6_7ThinArcNtNtNtB8_5green5token14GreenTokenHeadhE8with_arcNCNvXsj_B6_Bw_NtNtCsLngDfyB0US_4core5clone5Clone5clone0Bw_EB8_
FNDA:239,_RINvNtCslOPH4Nvh9In_5rowan3arc13thin_to_thickNtNtNtB4_5green4node13GreenNodeHeadNtBJ_10GreenChildEB4_
FNDA:446,_RINvNtCslOPH4Nvh9In_5rowan3arc13thin_to_thickNtNtNtB4_5green5token14GreenTokenHeadhEB4_
FNDA:30,_RNCNvXsj_NtCslOPH4Nvh9In_5rowan3arcINtB7_7ThinArcNtNtNtB9_5green4node13GreenNodeHeadNtBN_10GreenChildENtNtCsLngDfyB0US_4core5clone5Clone5clone0B9_
FNDA:67,_RNCNvXsj_NtCslOPH4Nvh9In_5rowan3arcINtB7_7ThinArcNtNtNtB9_5green5token14GreenTokenHeadhENtNtCsLngDfyB0US_4core5clone5Clone5clone0B9_
FNDA:7,_RNvMs2_NtCslOPH4Nvh9In_5rowan3arcINtB5_3ArcINtB5_11HeaderSliceNtNtNtB7_5green4node13GreenNodeHeadANtB10_10GreenChildj0_EE8from_rawB7_
FNDA:0,_RNvMs2_NtCslOPH4Nvh9In_5rowan3arcINtB5_3ArcINtB5_11HeaderSliceNtNtNtB7_5green5token14GreenTokenHeadAhj0_EE8from_rawB7_
FNDA:468,_RNvMs3_NtCslOPH4Nvh9In_5rowan3arcINtB5_3ArcINtB5_11HeaderSliceNtNtNtB7_5green4node13GreenNodeHeadSNtB10_10GreenChildEE3ptrB7_
FNDA:300,_RNvMs3_NtCslOPH4Nvh9In_5rowan3arcINtB5_3ArcINtB5_11HeaderSliceNtNtNtB7_5green4node13GreenNodeHeadSNtB10_10GreenChildEE5innerB7_
FNDA:36,_RNvMs3_NtCslOPH4Nvh9In_5rowan3arcINtB5_3ArcINtB5_11HeaderSliceNtNtNtB7_5green4node13GreenNodeHeadSNtB10_10GreenChildEE9drop_slowB7_
FNDA:507,_RNvMs3_NtCslOPH4Nvh9In_5rowan3arcINtB5_3ArcINtB5_11HeaderSliceNtNtNtB7_5green5token14GreenTokenHeadShEE3ptrB7_
FNDA:338,_RNvMs3_NtCslOPH4Nvh9In_5rowan3arcINtB5_3ArcINtB5_11HeaderSliceNtNtNtB7_5green5token14GreenTokenHeadShEE5innerB7_
FNDA:35,_RNvMs3_NtCslOPH4Nvh9In_5rowan3arcINtB5_3ArcINtB5_11HeaderSliceNtNtNtB7_5green5token14GreenTokenHeadShEE9drop_slowB7_
FNDA:36,_RNvMs6_NtCslOPH4Nvh9In_5rowan3arcINtB5_3ArcINtB5_11HeaderSliceNtNtNtB7_5green4node13GreenNodeHeadSNtB10_10GreenChildEE7get_mutB7_
FNDA:36,_RNvMs6_NtCslOPH4Nvh9In_5rowan3arcINtB5_3ArcINtB5_11HeaderSliceNtNtNtB7_5green4node13GreenNodeHeadSNtB10_10GreenChildEE9is_uniqueB7_
FNDA:177,_RNvMsd_NtCslOPH4Nvh9In_5rowan3arcINtB5_11HeaderSliceNtNtNtB7_5green4node13GreenNodeHeadSNtBQ_10GreenChildE5sliceB7_
FNDA:214,_RNvMsd_NtCslOPH4Nvh9In_5rowan3arcINtB5_11HeaderSliceNtNtNtB7_5green5token14GreenTokenHeadShE5sliceB7_
FNDA:102,_RNvMsl_NtCslOPH4Nvh9In_5rowan3arcINtB5_3ArcINtB5_11HeaderSliceNtNtNtB7_5green4node13GreenNodeHeadSNtB10_10GreenChildEE9from_thinB7_
FNDA:66,_RNvMsl_NtCslOPH4Nvh9In_5rowan3arcINtB5_3ArcINtB5_11HeaderSliceNtNtNtB7_5green4node13GreenNodeHeadSNtB10_10GreenChildEE9into_thinB7_
FNDA:102,_RNvMsl_NtCslOPH4Nvh9In_5rowan3arcINtB5_3ArcINtB5_11HeaderSliceNtNtNtB7_5green5token14GreenTokenHeadShEE9from_thinB7_
FNDA:67,_RNvMsl_NtCslOPH4Nvh9In_5rowan3arcINtB5_3ArcINtB5_11HeaderSliceNtNtNtB7_5green5token14GreenTokenHeadShEE9into_thinB7_
FNDA:30,_RNvXs4_NtCslOPH4Nvh9In_5rowan3arcINtB5_3ArcINtB5_11HeaderSliceNtNtNtB7_5green4node13GreenNodeHeadSNtB10_10GreenChildEENtNtCsLngDfyB0US_4core5clone5Clone5cloneB7_
FNDA:67,_RNvXs4_NtCslOPH4Nvh9In_5rowan3arcINtB5_3ArcINtB5_11HeaderSliceNtNtNtB7_5green5token14GreenTokenHeadShEENtNtCsLngDfyB0US_4core5clone5Clone5cloneB7_
FNDA:132,_RNvXs5_NtCslOPH4Nvh9In_5rowan3arcINtB5_3ArcINtB5_11HeaderSliceNtNtNtB7_5green4node13GreenNodeHeadSNtB10_10GreenChildEENtNtNtCsLngDfyB0US_4core3ops5deref5Deref5derefB7_
FNDA:134,_RNvXs5_NtCslOPH4Nvh9In_5rowan3arcINtB5_3ArcINtB5_11HeaderSliceNtNtNtB7_5green5token14GreenTokenHeadShEENtNtNtCsLngDfyB0US_4core3ops5deref5Deref5derefB7_
FNDA:177,_RNvXse_NtCslOPH4Nvh9In_5rowan3arcINtB5_11HeaderSliceNtNtNtB7_5green4node13GreenNodeHeadANtBQ_10GreenChildj0_ENtNtNtCsLngDfyB0US_4core3ops5deref5Deref5derefB7_
FNDA:214,_RNvXse_NtCslOPH4Nvh9In_5rowan3arcINtB5_11HeaderSliceNtNtNtB7_5green5token14GreenTokenHeadAhj0_ENtNtNtCsLngDfyB0US_4core3ops5deref5Deref5derefB7_
FNDA:107,_RNvXsi_NtCslOPH4Nvh9In_5rowan3arcINtB5_7ThinArcNtNtNtB7_5green4node13GreenNodeHeadNtBL_10GreenChildENtNtNtCsLngDfyB0US_4core3ops5deref5Deref5derefB7_
FNDA:277,_RNvXsi_NtCslOPH4Nvh9In_5rowan3arcINtB5_7ThinArcNtNtNtB7_5green5token14GreenTokenHeadhENtNtNtCsLngDfyB0US_4core3ops5deref5Deref5derefB7_
FNDA:30,_RNvXsj_NtCslOPH4Nvh9In_5rowan3arcINtB5_7ThinArcNtNtNtB7_5green4node13GreenNodeHeadNtBL_10GreenChildENtNtCsLngDfyB0US_4core5clone5Clone5cloneB7_
FNDA:67,_RNvXsj_NtCslOPH4Nvh9In_5rowan3arcINtB5_7ThinArcNtNtNtB7_5green5token14GreenTokenHeadhENtNtCsLngDfyB0US_4core5clone5Clone5cloneB7_
FNDA:0,_RNvXsm_NtCslOPH4Nvh9In_5rowan3arcINtB5_7ThinArcNtNtNtB7_5green4node13GreenNodeHeadNtBL_10GreenChildENtNtCsLngDfyB0US_4core3cmp9PartialEq2eqB7_
FNDA:0,_RNvXsm_NtCslOPH4Nvh9In_5rowan3arcINtB5_7ThinArcNtNtNtB7_5green5token14GreenTokenHeadhENtNtCsLngDfyB0US_4core3cmp9PartialEq2eqB7_
FNDA:66,_RNvXs7_NtCslOPH4Nvh9In_5rowan3arcINtB5_3ArcINtB5_11HeaderSliceNtNtNtB7_5green4node13GreenNodeHeadSNtB10_10GreenChildEENtNtNtCsLngDfyB0US_4core3ops4drop4Drop4dropB7_
FNDA:102,_RNvXs7_NtCslOPH4Nvh9In_5rowan3arcINtB5_3ArcINtB5_11HeaderSliceNtNtNtB7_5green5token14GreenTokenHeadShEENtNtNtCsLngDfyB0US_4core3ops4drop4Drop4dropB7_
FNDA:66,_RNvXsk_NtCslOPH4Nvh9In_5rowan3arcINtB5_7ThinArcNtNtNtB7_5green4node13GreenNodeHeadNtBL_10GreenChildENtNtNtCsLngDfyB0US_4core3ops4drop4Drop4dropB7_
FNDA:102,_RNvXsk_NtCslOPH4Nvh9In_5rowan3arcINtB5_7ThinArcNtNtNtB7_5green5token14GreenTokenHeadhENtNtNtCsLngDfyB0US_4core3ops4drop4Drop4dropB7_
FNF:31
FNH:20
DA:63,94
DA:67,94
DA:68,94
DA:69,94
DA:70,94
DA:71,94
DA:73,94
DA:78,1953
DA:85,1953
DA:86,1953
DA:90,249
DA:91,249
DA:92,249
DA:93,249
DA:94,249
DA:99,0
DA:100,0
DA:101,0
DA:103,2980
DA:104,2980
DA:105,2980
DA:110,288
DA:122,288
DA:133,288
DA:134,0
DA:135,288
DA:138,288
DA:139,288
DA:140,288
DA:141,288
DA:143,288
DA:150,778
DA:151,778
DA:152,778
DA:158,101
DA:159,101
DA:162,101
DA:165,0
DA:167,101
DA:170,101
DA:174,101
DA:175,101
DA:180,537
DA:183,537
DA:184,288
DA:185,249
DA:207,249
DA:209,249
DA:210,249
DA:211,249
DA:212,537
DA:216,0
DA:217,0
DA:218,0
DA:222,0
DA:223,0
DA:224,0
DA:226,0
DA:227,0
DA:228,0
DA:230,0
DA:231,0
DA:232,0
DA:234,0
DA:235,0
DA:236,0
DA:238,0
DA:239,0
DA:240,0
DA:244,0
DA:245,0
DA:246,0
DA:252,0
DA:253,0
DA:254,0
DA:266,1490
DA:267,1490
DA:268,1490
DA:274,1490
DA:275,1490
DA:276,1490
DA:277,1490
DA:278,1490
DA:306,1886
DA:307,1886
DA:308,1886
DA:310,1886
DA:311,1886
DA:317,288
DA:318,288
DA:319,288
DA:322,288
DA:323,288
DA:324,288
DA:325,288
DA:326,288
DA:330,288
DA:331,288
DA:335,249
DA:336,249
DA:337,249
DA:339,249
DA:341,249
DA:344,249
DA:345,249
DA:346,249
DA:349,249
DA:350,249
DA:353,249
DA:354,249
DA:355,249
DA:356,249
DA:360,249
DA:362,249
DA:363,0
DA:364,249
DA:374,249
DA:376,249
DA:382,249
DA:383,249
DA:384,249
DA:385,249
DA:386,238
DA:387,238
DA:388,540
DA:389,540
DA:390,540
DA:391,540
DA:392,238
DA:395,238
DA:396,11
DA:397,249
DA:400,249
DA:401,249
DA:402,249
DA:403,249
DA:404,249
DA:411,960
DA:412,960
DA:413,960
DA:418,288
DA:419,288
DA:420,288
DA:425,537
DA:426,537
DA:427,537
DA:428,537
DA:429,537
DA:430,537
DA:437,389
DA:438,389
DA:439,389
DA:440,389
DA:441,389
DA:442,389
DA:443,389
DA:444,389
DA:445,389
DA:446,389
DA:451,638
DA:452,638
DA:453,638
DA:455,638
DA:456,638
DA:457,638
DA:458,638
DA:460,638
DA:465,0
DA:466,0
DA:467,0
DA:473,0
DA:474,0
DA:475,0
BRDA:133,0,0,0
BRDA:133,0,1,288
BRDA:159,0,0,101
BRDA:159,0,1,0
BRDA:183,0,0,288
BRDA:183,0,1,249
BRDA:362,0,0,0
BRDA:362,0,1,249
BRDA:385,0,0,238
BRDA:385,0,1,11
BRF:10
BRH:7
LF:174
LH:138
end_of_record
SF:/home/openai/strict-rs/strict-rowan/src/ast.rs
FN:287,_RNvNtNtCs60bCMtosx4P_5rowan3ast5tests16build_immut_tree
FN:307,_RNvNtNtCs60bCMtosx4P_5rowan3ast5testss_25ensure_mut_panic_on_deref
FN:298,_RNvNtNtCs60bCMtosx4P_5rowan3ast5testss_26ensure_mut_panic_on_create
FN:278,_RNvXNtNtCs60bCMtosx4P_5rowan3ast5testsNtB2_12TestLanguageNtNtB6_3api8Language13kind_from_raw
FN:115,_RINvMNtCs60bCMtosx4P_5rowan3astINtB3_13SyntaxNodePtrpE4castpEB5_
FN:176,_RINvMs_NtCs60bCMtosx4P_5rowan3astINtB5_6AstPtrpE4castpEB7_
FN:249,_RINvNtNtCs60bCMtosx4P_5rowan3ast7support5childpEB6_
FN:257,_RINvNtNtCs60bCMtosx4P_5rowan3ast7support5tokenpEB6_
FN:253,_RINvNtNtCs60bCMtosx4P_5rowan3ast7support8childrenpEB6_
FN:209,_RINvXININtCs60bCMtosx4P_5rowan3asts4_0pEINtB6_6AstPtrpENtNtCsLngDfyB0US_4core4hash4Hash4hashpEB8_
FN:260,_RNCINvNtNtCs60bCMtosx4P_5rowan3ast7support5tokenpE0B8_
FN:261,_RNCINvNtNtCs60bCMtosx4P_5rowan3ast7support5tokenpEs_0B8_
FN:160,_RNCNvMs_NtCs60bCMtosx4P_5rowan3astINtB6_6AstPtrpE7to_node0B8_
FN:130,_RNvMNtCs60bCMtosx4P_5rowan3astINtB2_13SyntaxNodePtrpE10text_rangeB4_
FN:125,_RNvMNtCs60bCMtosx4P_5rowan3astINtB2_13SyntaxNodePtrpE4kindB4_
FN:227,_RNvMs6_NtCs60bCMtosx4P_5rowan3astINtB5_11AstChildrenpE3newB7_
FN:165,_RNvMs_NtCs60bCMtosx4P_5rowan3astINtB4_6AstPtrpE11try_to_nodeB6_
FN:171,_RNvMs_NtCs60bCMtosx4P_5rowan3astINtB4_6AstPtrpE15syntax_node_ptrB6_
FN:149,_RNvMs_NtCs60bCMtosx4P_5rowan3astINtB4_6AstPtrpE3newB6_
FN:157,_RNvMs_NtCs60bCMtosx4P_5rowan3astINtB4_6AstPtrpE7to_nodeB6_
FN:187,_RNvXININtCs60bCMtosx4P_5rowan3asts0_0pEINtB5_6AstPtrpENtNtCsLngDfyB0US_4core3fmt5Debug3fmtB7_
FN:193,_RNvXININtCs60bCMtosx4P_5rowan3asts1_0pEINtB5_6AstPtrpENtNtCsLngDfyB0US_4core5clone5Clone5cloneB7_
FN:201,_RNvXININtCs60bCMtosx4P_5rowan3asts2_0pEINtB5_6AstPtrpENtNtCsLngDfyB0US_4core3cmp9PartialEq2eqB7_
FN:215,_RNvXININtCs60bCMtosx4P_5rowan3asts5_0pEINtB5_13SyntaxNodePtrNtYpNtB5_7AstNode8LanguageEINtNtCsLngDfyB0US_4core7convert4FromINtB5_6AstPtrpEE4fromB7_
FN:237,_RNvXININtCs60bCMtosx4P_5rowan3asts7_0pEINtB5_11AstChildrenpENtNtNtNtCsLngDfyB0US_4core4iter6traits8iterator8Iterator4nextB7_
FN:282,_RNvXNtNtCs60bCMtosx4P_5rowan3ast5testsNtB2_12TestLanguageNtNtB6_3api8Language11kind_to_raw
FN:51,_RNvYpNtNtCs60bCMtosx4P_5rowan3ast7AstNode13clone_subtreeB7_
FN:44,_RNvYpNtNtCs60bCMtosx4P_5rowan3ast7AstNode16clone_for_updateB7_
FN:110,_RNCNvMNtCs60bCMtosx4P_5rowan3astINtB4_13SyntaxNodePtrNtNtB4_5tests12TestLanguageE11try_to_node0B6_
FN:111,_RNCNvMNtCs60bCMtosx4P_5rowan3astINtB4_13SyntaxNodePtrNtNtB4_5tests12TestLanguageE11try_to_nodes_0B6_
FN:88,_RNCNvMNtCs60bCMtosx4P_5rowan3astINtB4_13SyntaxNodePtrNtNtB4_5tests12TestLanguageE7to_node0B6_
FN:105,_RNvMNtCs60bCMtosx4P_5rowan3astINtB2_13SyntaxNodePtrNtNtB2_5tests12TestLanguageE11try_to_nodeB4_
FN:75,_RNvMNtCs60bCMtosx4P_5rowan3astINtB2_13SyntaxNodePtrNtNtB2_5tests12TestLanguageE3newB4_
FN:85,_RNvMNtCs60bCMtosx4P_5rowan3astINtB2_13SyntaxNodePtrNtNtB2_5tests12TestLanguageE7to_nodeB4_
FNDA:2,_RNvNtNtCs60bCMtosx4P_5rowan3ast5tests16build_immut_tree
FNDA:1,_RNvNtNtCs60bCMtosx4P_5rowan3ast5testss_25ensure_mut_panic_on_deref
FNDA:1,_RNvNtNtCs60bCMtosx4P_5rowan3ast5testss_26ensure_mut_panic_on_create
FNDA:1,_RNvXNtNtCs60bCMtosx4P_5rowan3ast5testsNtB2_12TestLanguageNtNtB6_3api8Language13kind_from_raw
FNDA:0,_RINvMNtCs60bCMtosx4P_5rowan3astINtB3_13SyntaxNodePtrpE4castpEB5_
FNDA:0,_RINvMs_NtCs60bCMtosx4P_5rowan3astINtB5_6AstPtrpE4castpEB7_
FNDA:0,_RINvNtNtCs60bCMtosx4P_5rowan3ast7support5childpEB6_
FNDA:0,_RINvNtNtCs60bCMtosx4P_5rowan3ast7support5tokenpEB6_
FNDA:0,_RINvNtNtCs60bCMtosx4P_5rowan3ast7support8childrenpEB6_
FNDA:0,_RINvXININtCs60bCMtosx4P_5rowan3asts4_0pEINtB6_6AstPtrpENtNtCsLngDfyB0US_4core4hash4Hash4hashpEB8_
FNDA:0,_RNCINvNtNtCs60bCMtosx4P_5rowan3ast7support5tokenpE0B8_
FNDA:0,_RNCINvNtNtCs60bCMtosx4P_5rowan3ast7support5tokenpEs_0B8_
FNDA:0,_RNCNvMs_NtCs60bCMtosx4P_5rowan3astINtB6_6AstPtrpE7to_node0B8_
FNDA:0,_RNvMNtCs60bCMtosx4P_5rowan3astINtB2_13SyntaxNodePtrpE10text_rangeB4_
FNDA:0,_RNvMNtCs60bCMtosx4P_5rowan3astINtB2_13SyntaxNodePtrpE4kindB4_
FNDA:0,_RNvMs6_NtCs60bCMtosx4P_5rowan3astINtB5_11AstChildrenpE3newB7_
FNDA:0,_RNvMs_NtCs60bCMtosx4P_5rowan3astINtB4_6AstPtrpE11try_to_nodeB6_
FNDA:0,_RNvMs_NtCs60bCMtosx4P_5rowan3astINtB4_6AstPtrpE15syntax_node_ptrB6_
FNDA:0,_RNvMs_NtCs60bCMtosx4P_5rowan3astINtB4_6AstPtrpE3newB6_
FNDA:0,_RNvMs_NtCs60bCMtosx4P_5rowan3astINtB4_6AstPtrpE7to_nodeB6_
FNDA:0,_RNvXININtCs60bCMtosx4P_5rowan3asts0_0pEINtB5_6AstPtrpENtNtCsLngDfyB0US_4core3fmt5Debug3fmtB7_
FNDA:0,_RNvXININtCs60bCMtosx4P_5rowan3asts1_0pEINtB5_6AstPtrpENtNtCsLngDfyB0US_4core5clone5Clone5cloneB7_
FNDA:0,_RNvXININtCs60bCMtosx4P_5rowan3asts2_0pEINtB5_6AstPtrpENtNtCsLngDfyB0US_4core3cmp9PartialEq2eqB7_
FNDA:0,_RNvXININtCs60bCMtosx4P_5rowan3asts5_0pEINtB5_13SyntaxNodePtrNtYpNtB5_7AstNode8LanguageEINtNtCsLngDfyB0US_4core7convert4FromINtB5_6AstPtrpEE4fromB7_
FNDA:0,_RNvXININtCs60bCMtosx4P_5rowan3asts7_0pEINtB5_11AstChildrenpENtNtNtNtCsLngDfyB0US_4core4iter6traits8iterator8Iterator4nextB7_
FNDA:0,_RNvXNtNtCs60bCMtosx4P_5rowan3ast5testsNtB2_12TestLanguageNtNtB6_3api8Language11kind_to_raw
FNDA:0,_RNvYpNtNtCs60bCMtosx4P_5rowan3ast7AstNode13clone_subtreeB7_
FNDA:0,_RNvYpNtNtCs60bCMtosx4P_5rowan3ast7AstNode16clone_for_updateB7_
FNDA:0,_RNCNvMNtCs60bCMtosx4P_5rowan3astINtB4_13SyntaxNodePtrNtNtB4_5tests12TestLanguageE11try_to_node0B6_
FNDA:0,_RNCNvMNtCs60bCMtosx4P_5rowan3astINtB4_13SyntaxNodePtrNtNtB4_5tests12TestLanguageE11try_to_nodes_0B6_
FNDA:0,_RNCNvMNtCs60bCMtosx4P_5rowan3astINtB4_13SyntaxNodePtrNtNtB4_5tests12TestLanguageE7to_node0B6_
FNDA:1,_RNvMNtCs60bCMtosx4P_5rowan3astINtB2_13SyntaxNodePtrNtNtB2_5tests12TestLanguageE11try_to_nodeB4_
FNDA:2,_RNvMNtCs60bCMtosx4P_5rowan3astINtB2_13SyntaxNodePtrNtNtB2_5tests12TestLanguageE3newB4_
FNDA:1,_RNvMNtCs60bCMtosx4P_5rowan3astINtB2_13SyntaxNodePtrNtNtB2_5tests12TestLanguageE7to_nodeB4_
FNF:34
FNH:7
DA:44,0
DA:45,0
DA:46,0
DA:48,0
DA:49,0
DA:51,0
DA:52,0
DA:53,0
DA:55,0
DA:56,0
DA:75,2
DA:76,2
DA:77,1
DA:78,1
DA:79,1
DA:80,1
DA:81,1
DA:85,1
DA:86,1
DA:87,1
DA:88,1
DA:89,1
DA:105,1
DA:106,1
DA:107,0
DA:108,0
DA:109,0
DA:110,0
DA:111,0
DA:112,0
DA:115,0
DA:116,0
DA:117,0
DA:118,0
DA:119,0
DA:120,0
DA:121,0
DA:122,0
DA:125,0
DA:126,0
DA:127,0
DA:130,0
DA:131,0
DA:132,0
DA:149,0
DA:151,0
DA:152,0
DA:153,0
DA:154,0
DA:157,0
DA:158,0
DA:159,0
DA:160,0
DA:161,0
DA:165,0
DA:167,0
DA:168,0
DA:171,0
DA:172,0
DA:173,0
DA:176,0
DA:177,0
DA:178,0
DA:179,0
DA:180,0
DA:181,0
DA:182,0
DA:183,0
DA:187,0
DA:188,0
DA:189,0
DA:193,0
DA:194,0
DA:195,0
DA:196,0
DA:197,0
DA:201,0
DA:202,0
DA:203,0
DA:209,0
DA:210,0
DA:211,0
DA:215,0
DA:216,0
DA:217,0
DA:227,0
DA:228,0
DA:229,0
DA:230,0
DA:231,0
DA:232,0
DA:237,0
DA:238,0
DA:239,0
DA:249,0
DA:250,0
DA:251,0
DA:253,0
DA:254,0
DA:255,0
DA:257,0
DA:258,0
DA:259,0
DA:260,0
DA:261,0
DA:262,0
DA:278,1
DA:279,1
DA:280,1
DA:282,0
DA:283,0
DA:284,0
DA:287,2
DA:289,2
DA:290,2
DA:291,2
DA:293,2
DA:294,2
DA:298,1
DA:300,1
DA:302,1
DA:303,1
DA:307,1
DA:308,1
DA:309,1
DA:312,1
DA:313,1
DA:314,1
BRDA:107,0,0,-
BRDA:107,0,1,-
BRDA:111,0,0,-
BRDA:111,0,1,-
BRDA:111,1,2,-
BRDA:111,1,3,-
BRF:6
BRH:0
LF:134
LH:33
end_of_record
SF:/home/openai/strict-rs/strict-rowan/src/cow_mut.rs
FN:9,_RNvXININtCs60bCMtosx4P_5rowan7cow_mut0pEINtB5_6CowMutpENtNtNtCsLngDfyB0US_4core3ops5deref5Deref5derefB7_
FN:27,_RNvXs0_NtCs60bCMtosx4P_5rowan7cow_mutINtB5_6CowMutNtNtNtB7_5green10node_cache9NodeCacheENtNtCsLngDfyB0US_4core7default7Default7defaultB7_
FN:18,_RNvXs_NtCs60bCMtosx4P_5rowan7cow_mutINtB4_6CowMutNtNtNtB6_5green10node_cache9NodeCacheENtNtNtCsLngDfyB0US_4core3ops5deref8DerefMut9deref_mutB6_
FN:18,_RNvXs_NtCslOPH4Nvh9In_5rowan7cow_mutINtB4_6CowMutNtNtNtB6_5green10node_cache9NodeCacheENtNtNtCsLngDfyB0US_4core3ops5deref8DerefMut9deref_mutCslj974vuwXe_5serde
FN:27,_RNvXs0_NtCslOPH4Nvh9In_5rowan7cow_mutINtB5_6CowMutNtNtNtB7_5green10node_cache9NodeCacheENtNtCsLngDfyB0US_4core7default7Default7defaultB7_
FN:18,_RNvXs_NtCslOPH4Nvh9In_5rowan7cow_mutINtB4_6CowMutNtNtNtB6_5green10node_cache9NodeCacheENtNtNtCsLngDfyB0US_4core3ops5deref8DerefMut9deref_mutCsdJjxJr2Jiyn_4math
FN:18,_RNvXs_NtCslOPH4Nvh9In_5rowan7cow_mutINtB4_6CowMutNtNtNtB6_5green10node_cache9NodeCacheENtNtNtCsLngDfyB0US_4core3ops5deref8DerefMut9deref_mutCsiDGsGWlx1zJ_13s_expressions
FNDA:0,_RNvXININtCs60bCMtosx4P_5rowan7cow_mut0pEINtB5_6CowMutpENtNtNtCsLngDfyB0US_4core3ops5deref5Deref5derefB7_
FNDA:47,_RNvXs0_NtCs60bCMtosx4P_5rowan7cow_mutINtB5_6CowMutNtNtNtB7_5green10node_cache9NodeCacheENtNtCsLngDfyB0US_4core7default7Default7defaultB7_
FNDA:144,_RNvXs_NtCs60bCMtosx4P_5rowan7cow_mutINtB4_6CowMutNtNtNtB6_5green10node_cache9NodeCacheENtNtNtCsLngDfyB0US_4core3ops5deref8DerefMut9deref_mutB6_
FNDA:5,_RNvXs_NtCslOPH4Nvh9In_5rowan7cow_mutINtB4_6CowMutNtNtNtB6_5green10node_cache9NodeCacheENtNtNtCsLngDfyB0US_4core3ops5deref8DerefMut9deref_mutCslj974vuwXe_5serde
FNDA:7,_RNvXs0_NtCslOPH4Nvh9In_5rowan7cow_mutINtB5_6CowMutNtNtNtB7_5green10node_cache9NodeCacheENtNtCsLngDfyB0US_4core7default7Default7defaultB7_
FNDA:21,_RNvXs_NtCslOPH4Nvh9In_5rowan7cow_mutINtB4_6CowMutNtNtNtB6_5green10node_cache9NodeCacheENtNtNtCsLngDfyB0US_4core3ops5deref8DerefMut9deref_mutCsdJjxJr2Jiyn_4math
FNDA:80,_RNvXs_NtCslOPH4Nvh9In_5rowan7cow_mutINtB4_6CowMutNtNtNtB6_5green10node_cache9NodeCacheENtNtNtCsLngDfyB0US_4core3ops5deref8DerefMut9deref_mutCsiDGsGWlx1zJ_13s_expressions
FNF:3
FNH:2
DA:9,0
DA:10,0
DA:11,0
DA:12,0
DA:14,0
DA:18,250
DA:19,250
DA:20,250
DA:21,0
DA:23,250
DA:27,54
DA:28,54
DA:29,54
BRF:0
BRH:0
LF:13
LH:7
end_of_record
SF:/home/openai/strict-rs/strict-rowan/src/cursor.rs
FN:1193,_RNvMs6_NtCs60bCMtosx4P_5rowan6cursorINtNtB7_13utility_types11NodeOrTokenNtB5_10SyntaxNodeNtB5_11SyntaxTokenE12can_take_ptr
FN:1186,_RNvMs6_NtCs60bCMtosx4P_5rowan6cursorINtNtB7_13utility_types11NodeOrTokenNtB5_10SyntaxNodeNtB5_11SyntaxTokenE21next_sibling_or_token
FN:1209,_RNvMs6_NtCs60bCMtosx4P_5rowan6cursorINtNtB7_13utility_types11NodeOrTokenNtB5_10SyntaxNodeNtB5_11SyntaxTokenE24to_next_sibling_or_token
FN:1125,_RNvMs6_NtCs60bCMtosx4P_5rowan6cursorINtNtB7_13utility_types11NodeOrTokenNtB5_10SyntaxNodeNtB5_11SyntaxTokenE3new
FN:1279,_RNvMs6_NtCs60bCMtosx4P_5rowan6cursorINtNtB7_13utility_types11NodeOrTokenNtB5_10SyntaxNodeNtB5_11SyntaxTokenE6detach
FN:1157,_RNvMs6_NtCs60bCMtosx4P_5rowan6cursorINtNtB7_13utility_types11NodeOrTokenNtB5_10SyntaxNodeNtB5_11SyntaxTokenE6parentB7_
FN:1200,_RNvMs6_NtCs60bCMtosx4P_5rowan6cursorINtNtB7_13utility_types11NodeOrTokenNtB5_10SyntaxNodeNtB5_11SyntaxTokenE8take_ptr
FN:1352,_RNvXsg_NtCs60bCMtosx4P_5rowan6cursorINtNtB7_13utility_types11NodeOrTokenNtB5_10SyntaxNodeNtB5_11SyntaxTokenEINtNtCsLngDfyB0US_4core7convert4FromB18_E4fromB7_
FN:1359,_RNvXsh_NtCs60bCMtosx4P_5rowan6cursorINtNtB7_13utility_types11NodeOrTokenNtB5_10SyntaxNodeNtB5_11SyntaxTokenEINtNtCsLngDfyB0US_4core7convert4FromB1p_E4fromB7_
FN:1640,_RINvNtNtCs60bCMtosx4P_5rowan6cursor5tests10next_tokenNtB4_21SyntaxElementChildrenEB6_
FN:1647,_RNCNvNtNtCs60bCMtosx4P_5rowan6cursor5tests11child_texts0B7_
FN:1636,_RNCNvNtNtCs60bCMtosx4P_5rowan6cursor5tests18mutable_token_root0B7_
FN:963,_RINvMs4_NtCs60bCMtosx4P_5rowan6cursorNtB6_10SyntaxNode15splice_childrenAINtNtB8_13utility_types11NodeOrTokenBz_NtB6_11SyntaxTokenEj2_EB8_
FN:963,_RINvMs4_NtCs60bCMtosx4P_5rowan6cursorNtB6_10SyntaxNode15splice_childrenINtNtNtNtCsLngDfyB0US_4core4iter7sources5empty5EmptyINtNtB8_13utility_types11NodeOrTokenBz_NtB6_11SyntaxTokenEEEB8_
FN:968,_RNCINvMs4_NtCs60bCMtosx4P_5rowan6cursorNtB8_10SyntaxNode15splice_childrenAINtNtBa_13utility_types11NodeOrTokenBB_NtB8_11SyntaxTokenEj2_E0Ba_
FN:968,_RNCINvMs4_NtCs60bCMtosx4P_5rowan6cursorNtB8_10SyntaxNode15splice_childrenINtNtNtNtCsLngDfyB0US_4core4iter7sources5empty5EmptyINtNtBa_13utility_types11NodeOrTokenBB_NtB8_11SyntaxTokenEEE0Ba_
FN:449,_RNCNvMs3_NtCs60bCMtosx4P_5rowan6cursorNtB7_8NodeData21next_sibling_or_token0B9_
FN:338,_RNCNvMs3_NtCs60bCMtosx4P_5rowan6cursorNtB7_8NodeData6parent0B9_
FN:759,_RNCNvMs4_NtCs60bCMtosx4P_5rowan6cursorNtB7_10SyntaxNode20first_child_or_token0B9_
FN:960,_RNCNvMs4_NtCs60bCMtosx4P_5rowan6cursorNtB7_10SyntaxNode23child_or_token_at_range0B9_
FN:886,_RNCNvMs4_NtCs60bCMtosx4P_5rowan6cursorNtB7_10SyntaxNode23descendants_with_tokens0B9_
FN:1225,_RNCNvMs6_NtCs60bCMtosx4P_5rowan6cursorINtNtB9_13utility_types11NodeOrTokenNtB7_10SyntaxNodeNtB7_11SyntaxTokenE24to_next_sibling_or_token0B9_
FN:1250,_RNCNvMs6_NtCs60bCMtosx4P_5rowan6cursorINtNtB9_13utility_types11NodeOrTokenNtB7_10SyntaxNodeNtB7_11SyntaxTokenE24to_next_sibling_or_tokens_0B9_
FN:1583,_RNCNvMsq_NtCs60bCMtosx4P_5rowan6cursorNtB7_18PreorderWithTokens7do_skip0B9_
FN:1319,_RNCNvXsb_NtCs60bCMtosx4P_5rowan6cursorNtB7_10SyntaxNodeNtNtCsLngDfyB0US_4core3fmt7Display3fmt0B9_
FN:1323,_RNCNvXsb_NtCs60bCMtosx4P_5rowan6cursorNtB7_10SyntaxNodeNtNtCsLngDfyB0US_4core3fmt7Display3fmts_0B9_
FN:1478,_RNCNvXsm_NtCs60bCMtosx4P_5rowan6cursorNtB7_21SyntaxElementChildrenNtNtNtNtCsLngDfyB0US_4core4iter6traits8iterator8Iterator4next0B9_
FN:1599,_RNCNvXsr_NtCs60bCMtosx4P_5rowan6cursorNtB7_18PreorderWithTokensNtNtNtNtCsLngDfyB0US_4core4iter6traits8iterator8Iterator4next0B9_
FN:416,_RINvMs3_NtCs60bCMtosx4P_5rowan6cursorNtB6_8NodeData20next_sibling_by_kindpEB8_
FN:456,_RINvMs3_NtCs60bCMtosx4P_5rowan6cursorNtB6_8NodeData29next_sibling_or_token_by_kindpEB8_
FN:732,_RINvMs4_NtCs60bCMtosx4P_5rowan6cursorNtB6_10SyntaxNode19first_child_by_kindpEB8_
FN:832,_RINvMs4_NtCs60bCMtosx4P_5rowan6cursorNtB6_10SyntaxNode20next_sibling_by_kindpEB8_
[...]
FNDA:22,_RNvNvNtNtCs60bCMtosx4P_5rowan11syntax_text5testss_18test_text_equality8do_check
FNDA:128,_RNvMNtCs60bCMtosx4P_5rowan11syntax_textNtB2_10SyntaxText18tokens_with_ranges
FNDA:45,_RNvMNtCs60bCMtosx4P_5rowan11syntax_textNtB2_10SyntaxText3new
FNDA:4,_RNvMNtCs60bCMtosx4P_5rowan11syntax_textNtB2_10SyntaxText7char_at
FNDA:4,_RNvMNtCs60bCMtosx4P_5rowan11syntax_textNtB2_10SyntaxText9find_char
FNDA:66,_RNvXs0_NtCs60bCMtosx4P_5rowan11syntax_textNtB5_10SyntaxTextNtNtCsLngDfyB0US_4core3fmt7Display3fmt
FNDA:22,_RNvXs2_NtCs60bCMtosx4P_5rowan11syntax_textNtB5_10SyntaxTextINtNtCsLngDfyB0US_4core3cmp9PartialEqeE2eq
FNDA:22,_RNvXs6_NtCs60bCMtosx4P_5rowan11syntax_textNtB5_10SyntaxTextNtNtCsLngDfyB0US_4core3cmp9PartialEq2eq
FNDA:0,_RNvXNtNtCslOPH4Nvh9In_5rowan11syntax_text7privateNtNtCsjkdPK25gz7T_9text_size5range9TextRangeNtB2_15SyntaxTextRange3end
FNDA:0,_RNvXNtNtCslOPH4Nvh9In_5rowan11syntax_text7privateNtNtCsjkdPK25gz7T_9text_size5range9TextRangeNtB2_15SyntaxTextRange5start
FNDA:0,_RNvXs0_NtNtCslOPH4Nvh9In_5rowan11syntax_text7privateINtNtNtCsLngDfyB0US_4core3ops5range9RangeFromNtNtCsjkdPK25gz7T_9text_size4size8TextSizeENtB5_15SyntaxTextRange3end
FNDA:0,_RNvXs0_NtNtCslOPH4Nvh9In_5rowan11syntax_text7privateINtNtNtCsLngDfyB0US_4core3ops5range9RangeFromNtNtCsjkdPK25gz7T_9text_size4size8TextSizeENtB5_15SyntaxTextRange5start
FNDA:0,_RNvXs1_NtNtCslOPH4Nvh9In_5rowan11syntax_text7privateINtNtNtCsLngDfyB0US_4core3ops5range7RangeToNtNtCsjkdPK25gz7T_9text_size4size8TextSizeENtB5_15SyntaxTextRange3end
FNDA:0,_RNvXs1_NtNtCslOPH4Nvh9In_5rowan11syntax_text7privateINtNtNtCsLngDfyB0US_4core3ops5range7RangeToNtNtCsjkdPK25gz7T_9text_size4size8TextSizeENtB5_15SyntaxTextRange5start
FNDA:0,_RNvXs2_NtNtCslOPH4Nvh9In_5rowan11syntax_text7privateNtNtNtCsLngDfyB0US_4core3ops5range9RangeFullNtB5_15SyntaxTextRange3end
FNDA:0,_RNvXs2_NtNtCslOPH4Nvh9In_5rowan11syntax_text7privateNtNtNtCsLngDfyB0US_4core3ops5range9RangeFullNtB5_15SyntaxTextRange5start
FNDA:0,_RNvXs_NtNtCslOPH4Nvh9In_5rowan11syntax_text7privateINtNtNtCsLngDfyB0US_4core3ops5range5RangeNtNtCsjkdPK25gz7T_9text_size4size8TextSizeENtB4_15SyntaxTextRange3end
FNDA:0,_RNvXs_NtNtCslOPH4Nvh9In_5rowan11syntax_text7privateINtNtNtCsLngDfyB0US_4core3ops5range5RangeNtNtCsjkdPK25gz7T_9text_size4size8TextSizeENtB4_15SyntaxTextRange5start
FNDA:0,_RINvMNtCslOPH4Nvh9In_5rowan11syntax_textNtB3_10SyntaxText15try_fold_chunksuNCINvB2_18try_for_each_chunkNCNvB2_13contains_char0uE0uEB5_
FNDA:0,_RINvMNtCslOPH4Nvh9In_5rowan11syntax_textNtB3_10SyntaxText15try_fold_chunksuNCINvB2_18try_for_each_chunkNCNvB2_7char_at0cE0cEB5_
FNDA:0,_RINvMNtCslOPH4Nvh9In_5rowan11syntax_textNtB3_10SyntaxText15try_fold_chunksuNCINvB2_18try_for_each_chunkNCNvB2_9find_char0NtNtCsjkdPK25gz7T_9text_size4size8TextSizeE0B1V_EB5_
FNDA:0,_RINvMNtCslOPH4Nvh9In_5rowan11syntax_textNtB3_10SyntaxText15try_fold_chunksuNCINvB2_18try_for_each_chunkNCNvXs0_B3_BC_NtNtCsLngDfyB0US_4core3fmt7Display3fmt0NtB1T_5ErrorE0B2u_EB5_
FNDA:0,_RINvMNtCslOPH4Nvh9In_5rowan11syntax_textNtB3_10SyntaxText15try_fold_chunksuNCINvB2_18try_for_each_chunkNCNvXs2_B3_BC_INtNtCsLngDfyB0US_4core3cmp9PartialEqeE2eq0uE0uEB5_
FNDA:0,_RINvMNtCslOPH4Nvh9In_5rowan11syntax_textNtB3_10SyntaxText18try_for_each_chunkNCNvB2_13contains_char0uEB5_
FNDA:0,_RINvMNtCslOPH4Nvh9In_5rowan11syntax_textNtB3_10SyntaxText18try_for_each_chunkNCNvB2_7char_at0cEB5_
FNDA:0,_RINvMNtCslOPH4Nvh9In_5rowan11syntax_textNtB3_10SyntaxText18try_for_each_chunkNCNvB2_9find_char0NtNtCsjkdPK25gz7T_9text_size4size8TextSizeEB5_
FNDA:0,_RINvMNtCslOPH4Nvh9In_5rowan11syntax_textNtB3_10SyntaxText18try_for_each_chunkNCNvXs0_B3_BC_NtNtCsLngDfyB0US_4core3fmt7Display3fmt0NtB1t_5ErrorEB5_
FNDA:0,_RINvMNtCslOPH4Nvh9In_5rowan11syntax_textNtB3_10SyntaxText18try_for_each_chunkNCNvXs2_B3_BC_INtNtCsLngDfyB0US_4core3cmp9PartialEqeE2eq0uEB5_
FNDA:0,_RINvNtCslOPH4Nvh9In_5rowan11syntax_text5foundNtNtCsjkdPK25gz7T_9text_size4size8TextSizeEB4_
FNDA:0,_RINvNtCslOPH4Nvh9In_5rowan11syntax_text5foundcEB4_
FNDA:0,_RINvNtCslOPH4Nvh9In_5rowan11syntax_text9zip_textsINtNtNtNtCsLngDfyB0US_4core4iter8adapters10filter_map9FilterMapIBM_IBM_NtNtB4_6cursor18PreorderWithTokensNCNvMs4_B1W_NtB1W_10SyntaxNode23descendants_with_tokens0ENCNvMB2_NtB2_10SyntaxText18tokens_with_ranges0ENCB3p_s_0EEB4_
FNDA:0,_RNCINvMNtCslOPH4Nvh9In_5rowan11syntax_textNtB5_10SyntaxText15try_fold_chunksuNCINvB4_18try_for_each_chunkNCNvB4_13contains_char0uE0uE0B7_
FNDA:0,_RNCINvMNtCslOPH4Nvh9In_5rowan11syntax_textNtB5_10SyntaxText15try_fold_chunksuNCINvB4_18try_for_each_chunkNCNvB4_7char_at0cE0cE0B7_
FNDA:0,_RNCINvMNtCslOPH4Nvh9In_5rowan11syntax_textNtB5_10SyntaxText15try_fold_chunksuNCINvB4_18try_for_each_chunkNCNvB4_9find_char0NtNtCsjkdPK25gz7T_9text_size4size8TextSizeE0B1X_E0B7_
FNDA:0,_RNCINvMNtCslOPH4Nvh9In_5rowan11syntax_textNtB5_10SyntaxText15try_fold_chunksuNCINvB4_18try_for_each_chunkNCNvXs0_B5_BE_NtNtCsLngDfyB0US_4core3fmt7Display3fmt0NtB1V_5ErrorE0B2w_E0B7_
FNDA:0,_RNCINvMNtCslOPH4Nvh9In_5rowan11syntax_textNtB5_10SyntaxText15try_fold_chunksuNCINvB4_18try_for_each_chunkNCNvXs2_B5_BE_INtNtCsLngDfyB0US_4core3cmp9PartialEqeE2eq0uE0uE0B7_
FNDA:0,_RNCINvMNtCslOPH4Nvh9In_5rowan11syntax_textNtB5_10SyntaxText18try_for_each_chunkNCNvB4_13contains_char0uE0B7_
FNDA:0,_RNCINvMNtCslOPH4Nvh9In_5rowan11syntax_textNtB5_10SyntaxText18try_for_each_chunkNCNvB4_7char_at0cE0B7_
FNDA:0,_RNCINvMNtCslOPH4Nvh9In_5rowan11syntax_textNtB5_10SyntaxText18try_for_each_chunkNCNvB4_9find_char0NtNtCsjkdPK25gz7T_9text_size4size8TextSizeE0B7_
FNDA:0,_RNCINvMNtCslOPH4Nvh9In_5rowan11syntax_textNtB5_10SyntaxText18try_for_each_chunkNCNvXs0_B5_BE_NtNtCsLngDfyB0US_4core3fmt7Display3fmt0NtB1v_5ErrorE0B7_
FNDA:0,_RNCINvMNtCslOPH4Nvh9In_5rowan11syntax_textNtB5_10SyntaxText18try_for_each_chunkNCNvXs2_B5_BE_INtNtCsLngDfyB0US_4core3cmp9PartialEqeE2eq0uE0B7_
FNDA:0,_RNCNvMNtCslOPH4Nvh9In_5rowan11syntax_textNtB4_10SyntaxText13contains_char0B6_
FNDA:0,_RNCNvMNtCslOPH4Nvh9In_5rowan11syntax_textNtB4_10SyntaxText18tokens_with_ranges0B6_
FNDA:0,_RNCNvMNtCslOPH4Nvh9In_5rowan11syntax_textNtB4_10SyntaxText18tokens_with_rangess_0B6_
FNDA:0,_RNCNvMNtCslOPH4Nvh9In_5rowan11syntax_textNtB4_10SyntaxText7char_at0B6_
FNDA:0,_RNCNvMNtCslOPH4Nvh9In_5rowan11syntax_textNtB4_10SyntaxText9find_char0B6_
FNDA:0,_RNCNvXs0_NtCslOPH4Nvh9In_5rowan11syntax_textNtB7_10SyntaxTextNtNtCsLngDfyB0US_4core3fmt7Display3fmt0B9_
FNDA:0,_RNCNvXs2_NtCslOPH4Nvh9In_5rowan11syntax_textNtB7_10SyntaxTextINtNtCsLngDfyB0US_4core3cmp9PartialEqeE2eq0B9_
FNDA:0,_RNCNvXs6_NtCslOPH4Nvh9In_5rowan11syntax_textNtB7_10SyntaxTextNtNtCsLngDfyB0US_4core3cmp9PartialEq2eq0B9_
FNDA:0,_RNCNvXs6_NtCslOPH4Nvh9In_5rowan11syntax_textNtB7_10SyntaxTextNtNtCsLngDfyB0US_4core3cmp9PartialEq2eqs_0B9_
FNDA:0,_RNvMNtCslOPH4Nvh9In_5rowan11syntax_textNtB2_10SyntaxText13contains_char
FNDA:0,_RNvMNtCslOPH4Nvh9In_5rowan11syntax_textNtB2_10SyntaxText18tokens_with_ranges
FNDA:0,_RNvMNtCslOPH4Nvh9In_5rowan11syntax_textNtB2_10SyntaxText3len
FNDA:0,_RNvMNtCslOPH4Nvh9In_5rowan11syntax_textNtB2_10SyntaxText3new
FNDA:0,_RNvMNtCslOPH4Nvh9In_5rowan11syntax_textNtB2_10SyntaxText7char_at
FNDA:0,_RNvMNtCslOPH4Nvh9In_5rowan11syntax_textNtB2_10SyntaxText8is_empty
FNDA:0,_RNvMNtCslOPH4Nvh9In_5rowan11syntax_textNtB2_10SyntaxText9find_char
FNDA:0,_RNvXs0_NtCslOPH4Nvh9In_5rowan11syntax_textNtB5_10SyntaxTextNtNtCsLngDfyB0US_4core3fmt7Display3fmt
FNDA:0,_RNvXs2_NtCslOPH4Nvh9In_5rowan11syntax_textNtB5_10SyntaxTextINtNtCsLngDfyB0US_4core3cmp9PartialEqeE2eq
FNDA:0,_RNvXs3_NtCslOPH4Nvh9In_5rowan11syntax_texteINtNtCsLngDfyB0US_4core3cmp9PartialEqNtB5_10SyntaxTextE2eq
FNDA:0,_RNvXs4_NtCslOPH4Nvh9In_5rowan11syntax_textNtB5_10SyntaxTextINtNtCsLngDfyB0US_4core3cmp9PartialEqReE2eq
FNDA:0,_RNvXs5_NtCslOPH4Nvh9In_5rowan11syntax_textReINtNtCsLngDfyB0US_4core3cmp9PartialEqNtB5_10SyntaxTextE2eq
FNDA:0,_RNvXs6_NtCslOPH4Nvh9In_5rowan11syntax_textNtB5_10SyntaxTextNtNtCsLngDfyB0US_4core3cmp9PartialEq2eq
FNDA:0,_RNvXs_NtCslOPH4Nvh9In_5rowan11syntax_textNtB4_10SyntaxTextNtNtCsLngDfyB0US_4core3fmt5Debug3fmt
FNDA:0,_RNvXs1_NtCslOPH4Nvh9In_5rowan11syntax_textNtNtCskXykGpwWpmV_5alloc6string6StringINtNtCsLngDfyB0US_4core7convert4FromNtB5_10SyntaxTextE4from
FNF:48
FNH:24
DA:15,45
DA:16,45
DA:17,45
DA:18,45
DA:19,45
DA:20,45
DA:21,45
DA:23,0
DA:24,0
DA:25,0
DA:27,0
DA:28,0
DA:29,0
DA:31,0
DA:32,0
DA:33,0
DA:34,0
DA:35,0
DA:37,4
DA:38,4
DA:39,9
DA:40,9
DA:41,3
DA:42,3
DA:43,6
DA:44,6
DA:45,6
DA:46,9
DA:47,4
DA:48,4
DA:50,4
DA:51,4
DA:52,9
DA:53,9
DA:54,9
DA:55,3
DA:56,3
DA:57,6
DA:58,6
DA:59,6
DA:60,9
DA:61,4
DA:62,4
DA:64,0
DA:65,0
DA:66,0
DA:67,0
DA:68,0
DA:69,0
DA:70,0
DA:71,0
DA:72,0
DA:75,0
DA:77,0
DA:78,0
DA:79,0
DA:84,0
DA:85,0
DA:86,0
DA:87,0
DA:88,0
DA:90,96
DA:91,96
DA:92,96
DA:94,96
DA:95,96
DA:96,198
DA:97,96
DA:99,96
DA:100,198
DA:101,96
DA:103,0
DA:105,0
DA:106,0
DA:107,0
DA:108,0
DA:109,0
DA:112,0
DA:114,128
DA:115,128
DA:116,128
DA:117,128
DA:118,128
DA:119,384
DA:120,256
DA:121,256
DA:122,256
DA:123,256
DA:124,256
DA:125,128
DA:128,8
DA:129,8
DA:130,8
DA:133,0
DA:134,0
DA:135,0
DA:139,66
DA:140,141
DA:141,66
DA:145,0
DA:146,0
DA:147,0
DA:151,22
DA:152,22
DA:153,39
DA:154,39
DA:155,9
DA:156,30
DA:157,30
DA:158,30
DA:159,39
DA:160,22
DA:161,13
DA:162,22
DA:166,0
DA:167,0
DA:168,0
DA:172,0
DA:173,0
DA:174,0
DA:178,0
DA:179,0
DA:180,0
DA:184,22
DA:185,22
DA:186,6
DA:187,16
DA:188,16
DA:189,16
DA:190,16
DA:191,22
DA:194,16
DA:195,16
DA:196,16
DA:198,57
DA:199,25
DA:201,45
DA:202,13
DA:204,32
DA:205,32
DA:206,32
DA:207,4
DA:208,28
DA:209,28
DA:210,28
DA:211,28
DA:213,16
DA:229,0
DA:230,0
DA:231,0
DA:232,0
DA:233,0
DA:234,0
DA:238,0
DA:239,0
DA:240,0
DA:241,0
DA:242,0
DA:243,0
DA:247,0
DA:248,0
DA:249,0
DA:250,0
DA:251,0
DA:252,0
DA:256,0
DA:257,0
DA:258,0
DA:259,0
DA:260,0
DA:261,0
DA:265,0
DA:266,0
DA:267,0
DA:268,0
DA:269,0
DA:270,0
DA:285,45
DA:286,45
DA:287,45
DA:288,97
DA:289,97
DA:291,45
DA:292,45
DA:293,45
DA:296,1
DA:297,22
DA:298,22
DA:299,22
DA:300,22
DA:301,22
DA:302,22
DA:303,22
DA:304,22
DA:305,22
DA:306,11
DA:307,11
DA:308,11
DA:309,11
DA:311,1
DA:312,1
DA:313,1
DA:314,1
DA:315,1
DA:316,1
DA:317,1
DA:318,1
DA:319,1
DA:320,1
DA:321,1
DA:322,1
DA:325,1
DA:326,1
DA:328,1
DA:329,1
DA:330,1
DA:332,0
DA:333,1
DA:334,1
DA:335,1
DA:337,0
DA:338,1
DA:339,1
DA:340,1
DA:342,0
DA:343,1
DA:344,1
DA:345,1
DA:346,1
DA:348,0
DA:349,1
DA:350,1
DA:351,1
DA:353,0
DA:354,1
DA:355,1
DA:356,1
DA:358,0
DA:359,1
DA:360,1
DA:363,1
BRDA:33,0,0,-
BRDA:33,0,1,-
BRDA:40,0,0,3
BRDA:40,0,1,6
BRDA:54,0,0,9
BRDA:54,0,1,0
BRDA:54,1,2,3
BRDA:54,1,3,6
BRDA:152,0,0,13
BRDA:152,0,1,9
BRDA:154,0,0,9
BRDA:154,0,1,30
BRDA:161,0,0,12
BRDA:161,0,1,1
BRDA:185,0,0,6
BRDA:185,0,1,16
BRDA:190,0,0,12
BRDA:190,0,1,4
BRDA:190,1,2,12
BRDA:190,1,3,0
BRDA:190,2,4,12
BRDA:190,2,5,0
BRDA:198,0,0,25
BRDA:198,0,1,32
BRDA:201,0,0,13
BRDA:201,0,1,32
BRDA:206,0,0,23
BRDA:206,0,1,9
BRDA:206,1,2,5
BRDA:206,1,3,4
BRF:30
BRH:25
LF:253
LH:162
end_of_record
SF:/home/openai/strict-rs/strict-rowan/src/utility_types.rs
FN:163,_RNvXsw_NtCs60bCMtosx4P_5rowan13utility_typesmINtNtNtCsLngDfyB0US_4core3ops5arith9AddAssignINtB5_5DeltamEE10add_assign
FN:97,_RINvMs2_NtCs60bCMtosx4P_5rowan13utility_typesINtB6_13TokenAtOffsetpE3mapppEB8_
FN:115,_RNvMs2_NtCs60bCMtosx4P_5rowan13utility_typesINtB5_13TokenAtOffsetpE11left_biasedB7_
FN:106,_RNvMs2_NtCs60bCMtosx4P_5rowan13utility_typesINtB5_13TokenAtOffsetpE12right_biasedB7_
FN:127,_RNvXININtCs60bCMtosx4P_5rowan13utility_typess3_0pEINtB5_13TokenAtOffsetpENtNtNtNtCsLngDfyB0US_4core4iter6traits8iterator8Iterator4nextB7_
FN:141,_RNvXININtCs60bCMtosx4P_5rowan13utility_typess3_0pEINtB5_13TokenAtOffsetpENtNtNtNtCsLngDfyB0US_4core4iter6traits8iterator8Iterator9size_hintB7_
FN:163,_RNvXsx_NtCs60bCMtosx4P_5rowan13utility_typesNtNtCsjkdPK25gz7T_9text_size4size8TextSizeINtNtNtCsLngDfyB0US_4core3ops5arith9AddAssignINtB5_5DeltaBG_EE10add_assign
FN:77,_RINvMs1_NtCs60bCMtosx4P_5rowan13utility_typesINtB6_9WalkEventINtB6_11NodeOrTokenNtNtB8_6cursor10SyntaxNodeNtB1i_11SyntaxTokenEE3mapNvYIBY_INtNtB8_3api10SyntaxNodeNtNtNtB8_3ast5tests12TestLanguageEINtB2f_11SyntaxTokenB2A_EEINtNtCsLngDfyB0US_4core7convert4FromBX_E4fromB28_EB8_
FN:14,_RNvMNtCs60bCMtosx4P_5rowan13utility_typesINtB2_11NodeOrTokenINtNtB4_3api10SyntaxNodeNtNtNtB4_3ast5tests12TestLanguageEINtBZ_11SyntaxTokenB1k_EE9into_nodeB4_
FN:21,_RNvMNtCs60bCMtosx4P_5rowan13utility_typesINtB2_11NodeOrTokenNtNtB4_6cursor10SyntaxNodeNtBY_11SyntaxTokenE10into_tokenB4_
FN:28,_RNvMNtCs60bCMtosx4P_5rowan13utility_typesINtB2_11NodeOrTokenRNtNtNtB4_5green4node13GreenNodeDataRNtNtB11_5token14GreenTokenDataE7as_nodeB4_
FN:35,_RNvMNtCs60bCMtosx4P_5rowan13utility_typesINtB2_11NodeOrTokenRNtNtNtB4_5green4node13GreenNodeDataRNtNtB11_5token14GreenTokenDataE8as_tokenB4_
FN:14,_RNvMNtCs60bCMtosx4P_5rowan13utility_typesINtB2_11NodeOrTokenRNtNtNtB4_5green4node13GreenNodeDataRNtNtB11_5token14GreenTokenDataE9into_nodeB4_
FN:44,_RNvMs_NtCs60bCMtosx4P_5rowan13utility_typesINtB4_11NodeOrTokenNtNtNtB6_5green4node9GreenNodeNtNtB12_5token10GreenTokenE8as_derefB6_
FN:53,_RNvXs0_NtCs60bCMtosx4P_5rowan13utility_typesINtB5_11NodeOrTokenRNtNtNtB7_5green4node13GreenNodeDataRNtNtB14_5token14GreenTokenDataENtNtCsLngDfyB0US_4core3fmt7Display3fmtB7_
FN:163,_RNvXsw_NtCslOPH4Nvh9In_5rowan13utility_typesmINtNtNtCsLngDfyB0US_4core3ops5arith9AddAssignINtB5_5DeltamEE10add_assign
FN:163,_RNvXsx_NtCslOPH4Nvh9In_5rowan13utility_typesNtNtCsjkdPK25gz7T_9text_size4size8TextSizeINtNtNtCsLngDfyB0US_4core3ops5arith9AddAssignINtB5_5DeltaBG_EE10add_assign
FN:21,_RNvMNtCslOPH4Nvh9In_5rowan13utility_typesINtB2_11NodeOrTokenNtNtB4_6cursor10SyntaxNodeNtBY_11SyntaxTokenE10into_tokenB4_
FN:28,_RNvMNtCslOPH4Nvh9In_5rowan13utility_typesINtB2_11NodeOrTokenRNtNtNtB4_5green4node13GreenNodeDataRNtNtB11_5token14GreenTokenDataE7as_nodeB4_
FN:35,_RNvMNtCslOPH4Nvh9In_5rowan13utility_typesINtB2_11NodeOrTokenRNtNtNtB4_5green4node13GreenNodeDataRNtNtB11_5token14GreenTokenDataE8as_tokenB4_
FN:14,_RNvMNtCslOPH4Nvh9In_5rowan13utility_typesINtB2_11NodeOrTokenRNtNtNtB4_5green4node13GreenNodeDataRNtNtB11_5token14GreenTokenDataE9into_nodeB4_
FN:44,_RNvMs_NtCslOPH4Nvh9In_5rowan13utility_typesINtB4_11NodeOrTokenNtNtNtB6_5green4node9GreenNodeNtNtB12_5token10GreenTokenE8as_derefB6_
FN:53,_RNvXs0_NtCslOPH4Nvh9In_5rowan13utility_typesINtB5_11NodeOrTokenRNtNtNtB7_5green4node13GreenNodeDataRNtNtB14_5token14GreenTokenDataENtNtCsLngDfyB0US_4core3fmt7Display3fmtB7_
FN:21,_RNvMNtCslOPH4Nvh9In_5rowan13utility_typesINtB2_11NodeOrTokenINtNtB4_3api10SyntaxNodeNtCsdJjxJr2Jiyn_4math4LangEINtBZ_11SyntaxTokenB1k_EE10into_tokenB1m_
FN:77,_RINvMs1_NtCslOPH4Nvh9In_5rowan13utility_typesINtB6_9WalkEventINtB6_11NodeOrTokenNtNtB8_6cursor10SyntaxNodeNtB1i_11SyntaxTokenEE3mapNvYIBY_INtNtB8_3api10SyntaxNodeNtCsiDGsGWlx1zJ_13s_expressions4LangEINtB2f_11SyntaxTokenB2A_EEINtNtCsLngDfyB0US_4core7convert4FromBX_E4fromB28_EB2C_
FN:21,_RNvMNtCslOPH4Nvh9In_5rowan13utility_typesINtB2_11NodeOrTokenINtNtB4_3api10SyntaxNodeNtCsiDGsGWlx1zJ_13s_expressions4LangEINtBZ_11SyntaxTokenB1k_EE10into_tokenB1m_
FN:14,_RNvMNtCslOPH4Nvh9In_5rowan13utility_typesINtB2_11NodeOrTokenINtNtB4_3api10SyntaxNodeNtCsiDGsGWlx1zJ_13s_expressions4LangEINtBZ_11SyntaxTokenB1k_EE9into_nodeB1m_
FNDA:5,_RNvXsw_NtCs60bCMtosx4P_5rowan13utility_typesmINtNtNtCsLngDfyB0US_4core3ops5arith9AddAssignINtB5_5DeltamEE10add_assign
FNDA:0,_RINvMs2_NtCs60bCMtosx4P_5rowan13utility_typesINtB6_13TokenAtOffsetpE3mapppEB8_
FNDA:0,_RNvMs2_NtCs60bCMtosx4P_5rowan13utility_typesINtB5_13TokenAtOffsetpE11left_biasedB7_
FNDA:0,_RNvMs2_NtCs60bCMtosx4P_5rowan13utility_typesINtB5_13TokenAtOffsetpE12right_biasedB7_
FNDA:0,_RNvXININtCs60bCMtosx4P_5rowan13utility_typess3_0pEINtB5_13TokenAtOffsetpENtNtNtNtCsLngDfyB0US_4core4iter6traits8iterator8Iterator4nextB7_
FNDA:0,_RNvXININtCs60bCMtosx4P_5rowan13utility_typess3_0pEINtB5_13TokenAtOffsetpENtNtNtNtCsLngDfyB0US_4core4iter6traits8iterator8Iterator9size_hintB7_
FNDA:0,_RNvXsx_NtCs60bCMtosx4P_5rowan13utility_typesNtNtCsjkdPK25gz7T_9text_size4size8TextSizeINtNtNtCsLngDfyB0US_4core3ops5arith9AddAssignINtB5_5DeltaBG_EE10add_assign
FNDA:0,_RINvMs1_NtCs60bCMtosx4P_5rowan13utility_typesINtB6_9WalkEventINtB6_11NodeOrTokenNtNtB8_6cursor10SyntaxNodeNtB1i_11SyntaxTokenEE3mapNvYIBY_INtNtB8_3api10SyntaxNodeNtNtNtB8_3ast5tests12TestLanguageEINtB2f_11SyntaxTokenB2A_EEINtNtCsLngDfyB0US_4core7convert4FromBX_E4fromB28_EB8_
FNDA:0,_RNvMNtCs60bCMtosx4P_5rowan13utility_typesINtB2_11NodeOrTokenINtNtB4_3api10SyntaxNodeNtNtNtB4_3ast5tests12TestLanguageEINtBZ_11SyntaxTokenB1k_EE9into_nodeB4_
FNDA:392,_RNvMNtCs60bCMtosx4P_5rowan13utility_typesINtB2_11NodeOrTokenNtNtB4_6cursor10SyntaxNodeNtBY_11SyntaxTokenE10into_tokenB4_
FNDA:0,_RNvMNtCs60bCMtosx4P_5rowan13utility_typesINtB2_11NodeOrTokenRNtNtNtB4_5green4node13GreenNodeDataRNtNtB11_5token14GreenTokenDataE7as_nodeB4_
FNDA:272,_RNvMNtCs60bCMtosx4P_5rowan13utility_typesINtB2_11NodeOrTokenRNtNtNtB4_5green4node13GreenNodeDataRNtNtB11_5token14GreenTokenDataE8as_tokenB4_
FNDA:139,_RNvMNtCs60bCMtosx4P_5rowan13utility_typesINtB2_11NodeOrTokenRNtNtNtB4_5green4node13GreenNodeDataRNtNtB11_5token14GreenTokenDataE9into_nodeB4_
FNDA:138,_RNvMs_NtCs60bCMtosx4P_5rowan13utility_typesINtB4_11NodeOrTokenNtNtNtB6_5green4node9GreenNodeNtNtB12_5token10GreenTokenE8as_derefB6_
FNDA:0,_RNvXs0_NtCs60bCMtosx4P_5rowan13utility_typesINtB5_11NodeOrTokenRNtNtNtB7_5green4node13GreenNodeDataRNtNtB14_5token14GreenTokenDataENtNtCsLngDfyB0US_4core3fmt7Display3fmtB7_
FNDA:0,_RNvXsw_NtCslOPH4Nvh9In_5rowan13utility_typesmINtNtNtCsLngDfyB0US_4core3ops5arith9AddAssignINtB5_5DeltamEE10add_assign
FNDA:0,_RNvXsx_NtCslOPH4Nvh9In_5rowan13utility_typesNtNtCsjkdPK25gz7T_9text_size4size8TextSizeINtNtNtCsLngDfyB0US_4core3ops5arith9AddAssignINtB5_5DeltaBG_EE10add_assign
FNDA:0,_RNvMNtCslOPH4Nvh9In_5rowan13utility_typesINtB2_11NodeOrTokenNtNtB4_6cursor10SyntaxNodeNtBY_11SyntaxTokenE10into_tokenB4_
FNDA:0,_RNvMNtCslOPH4Nvh9In_5rowan13utility_typesINtB2_11NodeOrTokenRNtNtNtB4_5green4node13GreenNodeDataRNtNtB11_5token14GreenTokenDataE7as_nodeB4_
FNDA:59,_RNvMNtCslOPH4Nvh9In_5rowan13utility_typesINtB2_11NodeOrTokenRNtNtNtB4_5green4node13GreenNodeDataRNtNtB11_5token14GreenTokenDataE8as_tokenB4_
FNDA:126,_RNvMNtCslOPH4Nvh9In_5rowan13utility_typesINtB2_11NodeOrTokenRNtNtNtB4_5green4node13GreenNodeDataRNtNtB11_5token14GreenTokenDataE9into_nodeB4_
FNDA:99,_RNvMs_NtCslOPH4Nvh9In_5rowan13utility_typesINtB4_11NodeOrTokenNtNtNtB6_5green4node9GreenNodeNtNtB12_5token10GreenTokenE8as_derefB6_
FNDA:0,_RNvXs0_NtCslOPH4Nvh9In_5rowan13utility_typesINtB5_11NodeOrTokenRNtNtNtB7_5green4node13GreenNodeDataRNtNtB14_5token14GreenTokenDataENtNtCsLngDfyB0US_4core3fmt7Display3fmtB7_
FNDA:1,_RNvMNtCslOPH4Nvh9In_5rowan13utility_typesINtB2_11NodeOrTokenINtNtB4_3api10SyntaxNodeNtCsdJjxJr2Jiyn_4math4LangEINtBZ_11SyntaxTokenB1k_EE10into_tokenB1m_
FNDA:0,_RINvMs1_NtCslOPH4Nvh9In_5rowan13utility_typesINtB6_9WalkEventINtB6_11NodeOrTokenNtNtB8_6cursor10SyntaxNodeNtB1i_11SyntaxTokenEE3mapNvYIBY_INtNtB8_3api10SyntaxNodeNtCsiDGsGWlx1zJ_13s_expressions4LangEINtB2f_11SyntaxTokenB2A_EEINtNtCsLngDfyB0US_4core7convert4FromBX_E4fromB28_EB2C_
FNDA:2,_RNvMNtCslOPH4Nvh9In_5rowan13utility_typesINtB2_11NodeOrTokenINtNtB4_3api10SyntaxNodeNtCsiDGsGWlx1zJ_13s_expressions4LangEINtBZ_11SyntaxTokenB1k_EE10into_tokenB1m_
FNDA:35,_RNvMNtCslOPH4Nvh9In_5rowan13utility_typesINtB2_11NodeOrTokenINtNtB4_3api10SyntaxNodeNtCsiDGsGWlx1zJ_13s_expressions4LangEINtBZ_11SyntaxTokenB1k_EE9into_nodeB1m_
FNF:13
FNH:5
DA:14,300
DA:15,300
DA:16,278
DA:17,22
DA:19,300
DA:21,395
DA:22,395
DA:23,128
DA:24,267
DA:26,395
DA:28,0
DA:29,0
DA:30,0
DA:31,0
DA:33,0
DA:35,331
DA:36,331
DA:37,0
DA:38,331
DA:40,331
DA:44,237
DA:45,237
DA:46,34
DA:47,203
DA:49,237
DA:53,0
DA:54,0
DA:55,0
DA:56,0
DA:58,0
DA:77,0
DA:78,0
DA:79,0
DA:80,0
DA:82,0
DA:97,0
DA:98,0
DA:99,0
DA:100,0
DA:101,0
DA:103,0
DA:106,0
DA:107,0
DA:108,0
DA:109,0
DA:110,0
DA:112,0
DA:115,0
DA:116,0
DA:117,0
DA:118,0
DA:119,0
DA:121,0
DA:127,0
DA:128,0
DA:129,0
DA:130,0
DA:131,0
DA:132,0
DA:134,0
DA:135,0
DA:136,0
DA:139,0
DA:141,0
DA:142,0
DA:143,0
DA:144,0
DA:145,0
DA:147,0
DA:163,5
DA:164,5
DA:165,2
DA:166,3
DA:168,5
BRF:0
BRH:0
LF:74
LH:24
end_of_record